assets.tumblr.com
assets.tumblr.com
assets.tumblr.com
assets.tumblr.com
assets.tumblr.com
assets.tumblr.com
assets.tumblr.com
assets.tumblr.com
assets.tumblr.com
assets.tumblr.com
68.media.tumblr.com
coolfuliba.tumblr.com
static.tumblr.com
assets.tumblr.com
68.media.tumblr.com
coolfuliba.tumblr.com
static.tumblr.com
assets.tumblr.com
68.media.tumblr.com
coolfuliba.tumblr.com
static.tumblr.com
assets.tumblr.com
68.media.tumblr.com
coolfuliba.tumblr.com
static.tumblr.com
assets.tumblr.com
68.media.tumblr.com
coolfuliba.tumblr.com
static.tumblr.com
www.tumblr.com
jimij29.tumblr.com
czm35x.tumblr.com
seductiveblackwoman.tumblr.com
blackwetwetpussy.tumblr.com
unclep.tumblr.com
asakuramai.tumblr.com
berried-treasure.tumblr.com
magic-apples.tumblr.com
zhora.tumblr.com
jdbetter.tumblr.com
erotic-relapse.tumblr.com
ajax.googleapis.com
px.srvcs.tumblr.com
embed.tumblr.com
platform.tumblr.com
assets.tumblr.com
68.media.tumblr.com
coolfuliba.tumblr.com
static.tumblr.com
www.tumblr.com
jimij29.tumblr.com
czm35x.tumblr.com
seductiveblackwoman.tumblr.com
blackwetwetpussy.tumblr.com
unclep.tumblr.com
asakuramai.tumblr.com
berried-treasure.tumblr.com
magic-apples.tumblr.com
zhora.tumblr.com
jdbetter.tumblr.com
erotic-relapse.tumblr.com
ajax.googleapis.com
px.srvcs.tumblr.com
embed.tumblr.com
platform.tumblr.com
assets.tumblr.com
68.media.tumblr.com
coolfuliba.tumblr.com
static.tumblr.com
jimij29.tumblr.com
czm35x.tumblr.com
www.tumblr.com
seductiveblackwoman.tumblr.com
blackwetwetpussy.tumblr.com
unclep.tumblr.com
asakuramai.tumblr.com
berried-treasure.tumblr.com
magic-apples.tumblr.com
zhora.tumblr.com
jdbetter.tumblr.com
erotic-relapse.tumblr.com
ajax.googleapis.com
px.srvcs.tumblr.com
embed.tumblr.com
platform.tumblr.com
68.media.tumblr.com
assets.tumblr.com
68.media.tumblr.com
coolfuliba.tumblr.com
static.tumblr.com
jimij29.tumblr.com
czm35x.tumblr.com
www.tumblr.com
seductiveblackwoman.tumblr.com
blackwetwetpussy.tumblr.com
unclep.tumblr.com
asakuramai.tumblr.com
berried-treasure.tumblr.com
magic-apples.tumblr.com
zhora.tumblr.com
jdbetter.tumblr.com
erotic-relapse.tumblr.com
ajax.googleapis.com
px.srvcs.tumblr.com
embed.tumblr.com
platform.tumblr.com
assets.tumblr.com
68.media.tumblr.com
coolfuliba.tumblr.com
static.tumblr.com
jimij29.tumblr.com
czm35x.tumblr.com
www.tumblr.com
seductiveblackwoman.tumblr.com
blackwetwetpussy.tumblr.com
unclep.tumblr.com
asakuramai.tumblr.com
berried-treasure.tumblr.com
magic-apples.tumblr.com
zhora.tumblr.com
jdbetter.tumblr.com
erotic-relapse.tumblr.com
ajax.googleapis.com
px.srvcs.tumblr.com
embed.tumblr.com
platform.tumblr.com
68.media.tumblr.com
coolfuliba.tumblr.com
static.tumblr.com
assets.tumblr.com
jimij29.tumblr.com
czm35x.tumblr.com
www.tumblr.com
seductiveblackwoman.tumblr.com
blackwetwetpussy.tumblr.com
unclep.tumblr.com
asakuramai.tumblr.com
berried-treasure.tumblr.com
magic-apples.tumblr.com
zhora.tumblr.com
jdbetter.tumblr.com
erotic-relapse.tumblr.com
ajax.googleapis.com
px.srvcs.tumblr.com
68.media.tumblr.com
68.media.tumblr.com
68.media.tumblr.com
68.media.tumblr.com
68.media.tumblr.com
68.media.tumblr.com
68.media.tumblr.com
68.media.tumblr.com
68.media.tumblr.com
68.media.tumblr.com
68.media.tumblr.com
68.media.tumblr.com
68.media.tumblr.com
static.tumblr.com
coolfuliba.tumblr.com
coolfuliba.tumblr.com
jimij29.tumblr.com
czm35x.tumblr.com
seductiveblackwoman.tumblr.com
blackwetwetpussy.tumblr.com
unclep.tumblr.com
asakuramai.tumblr.com
berried-treasure.tumblr.com
magic-apples.tumblr.com
zhora.tumblr.com
jdbetter.tumblr.com
erotic-relapse.tumblr.com
ajax.googleapis.com
coolfuliba.tumblr.com
jimij29.tumblr.com
czm35x.tumblr.com
seductiveblackwoman.tumblr.com
blackwetwetpussy.tumblr.com
unclep.tumblr.com
asakuramai.tumblr.com
berried-treasure.tumblr.com
magic-apples.tumblr.com
zhora.tumblr.com
jdbetter.tumblr.com
erotic-relapse.tumblr.com
ajax.googleapis.com
coolfuliba.tumblr.com
bone-daddy.tumblr.com
joon1982.tumblr.com
kanoaloha.tumblr.com
demir3428.tumblr.com
boogaloo22.tumblr.com
hisandhersaneroticcollectioniii.tumblr.com
clit-erotica.tumblr.com
deseback.tumblr.com
marrrrriooo.tumblr.com
plmzaq123.tumblr.com
pirateman90.tumblr.com
itsjmad.tumblr.com
serhanunal.tumblr.com
ringotherighteous.tumblr.com
carphib.tumblr.com
fantoccio.tumblr.com
androgynoustriumphwombat.tumblr.com
massivelydistinguishedsweets.tumblr.com
bigboi123456789d.tumblr.com
deletedones.tumblr.com
51clevo.tumblr.com
my-camera-obscura.tumblr.com
beniboss19031997.tumblr.com
hatchet84.tumblr.com
tightteensagain.tumblr.com
shintakouki.tumblr.com
ta-aj.tumblr.com
deestroyertire.tumblr.com
robertosp40.tumblr.com
tyler127890.tumblr.com
adambaigkms.tumblr.com
sirradiohead.tumblr.com
omg-sly-me.tumblr.com
hunter22572.tumblr.com
sum4methings.tumblr.com
lez26.tumblr.com
thecoltex.tumblr.com
mredgod.tumblr.com
chiefy97.tumblr.com
elchicamototo.tumblr.com
gigi4u2.tumblr.com
let-get-buzzy.tumblr.com
matheuszs.tumblr.com
shadowcandy01.tumblr.com
ninogh.tumblr.com
enog88.tumblr.com
mdf325.tumblr.com
sqc86.tumblr.com
killerclowns12.tumblr.com
unclep.tumblr.com
magic-apples.tumblr.com
zhora.tumblr.com
erotic-relapse.tumblr.com
asakuramai.tumblr.com
jimij29.tumblr.com
tighter.tumblr.com
hotharddirtyanddeep.tumblr.com
wetebonyfantasies.tumblr.com
rbbestbutts.tumblr.com
browni.tumblr.com
68stang.tumblr.com
4hotlongsocks.tumblr.com
ajax.googleapis.com
embed.tumblr.com
platform.tumblr.com
coolfuliba.tumblr.com
bone-daddy.tumblr.com
joon1982.tumblr.com
kanoaloha.tumblr.com
demir3428.tumblr.com
boogaloo22.tumblr.com
hisandhersaneroticcollectioniii.tumblr.com
clit-erotica.tumblr.com
deseback.tumblr.com
marrrrriooo.tumblr.com
plmzaq123.tumblr.com
pirateman90.tumblr.com
itsjmad.tumblr.com
serhanunal.tumblr.com
ringotherighteous.tumblr.com
carphib.tumblr.com
fantoccio.tumblr.com
androgynoustriumphwombat.tumblr.com
massivelydistinguishedsweets.tumblr.com
bigboi123456789d.tumblr.com
deletedones.tumblr.com
51clevo.tumblr.com
my-camera-obscura.tumblr.com
beniboss19031997.tumblr.com
hatchet84.tumblr.com
tightteensagain.tumblr.com
shintakouki.tumblr.com
ta-aj.tumblr.com
deestroyertire.tumblr.com
robertosp40.tumblr.com
tyler127890.tumblr.com
adambaigkms.tumblr.com
sirradiohead.tumblr.com
omg-sly-me.tumblr.com
hunter22572.tumblr.com
sum4methings.tumblr.com
lez26.tumblr.com
thecoltex.tumblr.com
mredgod.tumblr.com
chiefy97.tumblr.com
elchicamototo.tumblr.com
gigi4u2.tumblr.com
let-get-buzzy.tumblr.com
matheuszs.tumblr.com
shadowcandy01.tumblr.com
ninogh.tumblr.com
enog88.tumblr.com
mdf325.tumblr.com
sqc86.tumblr.com
killerclowns12.tumblr.com
unclep.tumblr.com
magic-apples.tumblr.com
zhora.tumblr.com
erotic-relapse.tumblr.com
asakuramai.tumblr.com
jimij29.tumblr.com
tighter.tumblr.com
hotharddirtyanddeep.tumblr.com
wetebonyfantasies.tumblr.com
rbbestbutts.tumblr.com
browni.tumblr.com
68stang.tumblr.com
4hotlongsocks.tumblr.com
ajax.googleapis.com
embed.tumblr.com
platform.tumblr.com
coolfuliba.tumblr.com
bone-daddy.tumblr.com
joon1982.tumblr.com
kanoaloha.tumblr.com
demir3428.tumblr.com
boogaloo22.tumblr.com
hisandhersaneroticcollectioniii.tumblr.com
clit-erotica.tumblr.com
deseback.tumblr.com
marrrrriooo.tumblr.com
plmzaq123.tumblr.com
pirateman90.tumblr.com
itsjmad.tumblr.com
serhanunal.tumblr.com
ringotherighteous.tumblr.com
carphib.tumblr.com
fantoccio.tumblr.com
androgynoustriumphwombat.tumblr.com
massivelydistinguishedsweets.tumblr.com
bigboi123456789d.tumblr.com
deletedones.tumblr.com
51clevo.tumblr.com
my-camera-obscura.tumblr.com
beniboss19031997.tumblr.com
hatchet84.tumblr.com
tightteensagain.tumblr.com
shintakouki.tumblr.com
ta-aj.tumblr.com
deestroyertire.tumblr.com
robertosp40.tumblr.com
tyler127890.tumblr.com
adambaigkms.tumblr.com
sirradiohead.tumblr.com
omg-sly-me.tumblr.com
hunter22572.tumblr.com
sum4methings.tumblr.com
lez26.tumblr.com
thecoltex.tumblr.com
mredgod.tumblr.com
chiefy97.tumblr.com
elchicamototo.tumblr.com
gigi4u2.tumblr.com
let-get-buzzy.tumblr.com
matheuszs.tumblr.com
shadowcandy01.tumblr.com
ninogh.tumblr.com
enog88.tumblr.com
mdf325.tumblr.com
sqc86.tumblr.com
killerclowns12.tumblr.com
unclep.tumblr.com
magic-apples.tumblr.com
zhora.tumblr.com
erotic-relapse.tumblr.com
asakuramai.tumblr.com
jimij29.tumblr.com
tighter.tumblr.com
hotharddirtyanddeep.tumblr.com
wetebonyfantasies.tumblr.com
rbbestbutts.tumblr.com
browni.tumblr.com
68stang.tumblr.com
4hotlongsocks.tumblr.com
ajax.googleapis.com
embed.tumblr.com
platform.tumblr.com
coolfuliba.tumblr.com
bone-daddy.tumblr.com
joon1982.tumblr.com
kanoaloha.tumblr.com
demir3428.tumblr.com
boogaloo22.tumblr.com
hisandhersaneroticcollectioniii.tumblr.com
clit-erotica.tumblr.com
deseback.tumblr.com
marrrrriooo.tumblr.com
plmzaq123.tumblr.com
pirateman90.tumblr.com
itsjmad.tumblr.com
serhanunal.tumblr.com
ringotherighteous.tumblr.com
carphib.tumblr.com
fantoccio.tumblr.com
androgynoustriumphwombat.tumblr.com
massivelydistinguishedsweets.tumblr.com
bigboi123456789d.tumblr.com
deletedones.tumblr.com
51clevo.tumblr.com
my-camera-obscura.tumblr.com
beniboss19031997.tumblr.com
hatchet84.tumblr.com
tightteensagain.tumblr.com
shintakouki.tumblr.com
ta-aj.tumblr.com
deestroyertire.tumblr.com
robertosp40.tumblr.com
tyler127890.tumblr.com
adambaigkms.tumblr.com
sirradiohead.tumblr.com
omg-sly-me.tumblr.com
hunter22572.tumblr.com
sum4methings.tumblr.com
lez26.tumblr.com
thecoltex.tumblr.com
mredgod.tumblr.com
chiefy97.tumblr.com
elchicamototo.tumblr.com
gigi4u2.tumblr.com
let-get-buzzy.tumblr.com
matheuszs.tumblr.com
shadowcandy01.tumblr.com
ninogh.tumblr.com
enog88.tumblr.com
mdf325.tumblr.com
sqc86.tumblr.com
killerclowns12.tumblr.com
unclep.tumblr.com
magic-apples.tumblr.com
zhora.tumblr.com
erotic-relapse.tumblr.com
asakuramai.tumblr.com
jimij29.tumblr.com
tighter.tumblr.com
hotharddirtyanddeep.tumblr.com
wetebonyfantasies.tumblr.com
rbbestbutts.tumblr.com
browni.tumblr.com
68stang.tumblr.com
4hotlongsocks.tumblr.com
ajax.googleapis.com
embed.tumblr.com
platform.tumblr.com
coolfuliba.tumblr.com
bone-daddy.tumblr.com
joon1982.tumblr.com
kanoaloha.tumblr.com
demir3428.tumblr.com
boogaloo22.tumblr.com
hisandhersaneroticcollectioniii.tumblr.com
clit-erotica.tumblr.com
deseback.tumblr.com
marrrrriooo.tumblr.com
plmzaq123.tumblr.com
pirateman90.tumblr.com
itsjmad.tumblr.com
serhanunal.tumblr.com
ringotherighteous.tumblr.com
carphib.tumblr.com
fantoccio.tumblr.com
androgynoustriumphwombat.tumblr.com
massivelydistinguishedsweets.tumblr.com
bigboi123456789d.tumblr.com
deletedones.tumblr.com
51clevo.tumblr.com
my-camera-obscura.tumblr.com
beniboss19031997.tumblr.com
hatchet84.tumblr.com
tightteensagain.tumblr.com
shintakouki.tumblr.com
ta-aj.tumblr.com
deestroyertire.tumblr.com
robertosp40.tumblr.com
tyler127890.tumblr.com
adambaigkms.tumblr.com
sirradiohead.tumblr.com
omg-sly-me.tumblr.com
hunter22572.tumblr.com
sum4methings.tumblr.com
lez26.tumblr.com
thecoltex.tumblr.com
mredgod.tumblr.com
chiefy97.tumblr.com
elchicamototo.tumblr.com
gigi4u2.tumblr.com
let-get-buzzy.tumblr.com
matheuszs.tumblr.com
shadowcandy01.tumblr.com
ninogh.tumblr.com
enog88.tumblr.com
mdf325.tumblr.com
sqc86.tumblr.com
killerclowns12.tumblr.com
unclep.tumblr.com
magic-apples.tumblr.com
zhora.tumblr.com
erotic-relapse.tumblr.com
asakuramai.tumblr.com
jimij29.tumblr.com
tighter.tumblr.com
hotharddirtyanddeep.tumblr.com
wetebonyfantasies.tumblr.com
rbbestbutts.tumblr.com
browni.tumblr.com
68stang.tumblr.com
4hotlongsocks.tumblr.com
ajax.googleapis.com
embed.tumblr.com
platform.tumblr.com
coolfuliba.tumblr.com
bone-daddy.tumblr.com
joon1982.tumblr.com
kanoaloha.tumblr.com
demir3428.tumblr.com
boogaloo22.tumblr.com
hisandhersaneroticcollectioniii.tumblr.com
clit-erotica.tumblr.com
deseback.tumblr.com
marrrrriooo.tumblr.com
plmzaq123.tumblr.com
pirateman90.tumblr.com
itsjmad.tumblr.com
serhanunal.tumblr.com
ringotherighteous.tumblr.com
carphib.tumblr.com
fantoccio.tumblr.com
androgynoustriumphwombat.tumblr.com
massivelydistinguishedsweets.tumblr.com
bigboi123456789d.tumblr.com
deletedones.tumblr.com
51clevo.tumblr.com
my-camera-obscura.tumblr.com
beniboss19031997.tumblr.com
hatchet84.tumblr.com
tightteensagain.tumblr.com
shintakouki.tumblr.com
ta-aj.tumblr.com
deestroyertire.tumblr.com
robertosp40.tumblr.com
tyler127890.tumblr.com
adambaigkms.tumblr.com
sirradiohead.tumblr.com
omg-sly-me.tumblr.com
hunter22572.tumblr.com
sum4methings.tumblr.com
lez26.tumblr.com
thecoltex.tumblr.com
mredgod.tumblr.com
chiefy97.tumblr.com
elchicamototo.tumblr.com
gigi4u2.tumblr.com
let-get-buzzy.tumblr.com
matheuszs.tumblr.com
shadowcandy01.tumblr.com
ninogh.tumblr.com
enog88.tumblr.com
mdf325.tumblr.com
sqc86.tumblr.com
killerclowns12.tumblr.com
unclep.tumblr.com
magic-apples.tumblr.com
zhora.tumblr.com
erotic-relapse.tumblr.com
asakuramai.tumblr.com
jimij29.tumblr.com
tighter.tumblr.com
hotharddirtyanddeep.tumblr.com
wetebonyfantasies.tumblr.com
rbbestbutts.tumblr.com
browni.tumblr.com
68stang.tumblr.com
4hotlongsocks.tumblr.com
ajax.googleapis.com
embed.tumblr.com
platform.tumblr.com
coolfuliba.tumblr.com
bone-daddy.tumblr.com
joon1982.tumblr.com
kanoaloha.tumblr.com
demir3428.tumblr.com
boogaloo22.tumblr.com
hisandhersaneroticcollectioniii.tumblr.com
clit-erotica.tumblr.com
deseback.tumblr.com
marrrrriooo.tumblr.com
plmzaq123.tumblr.com
pirateman90.tumblr.com
itsjmad.tumblr.com
serhanunal.tumblr.com
ringotherighteous.tumblr.com
carphib.tumblr.com
fantoccio.tumblr.com
androgynoustriumphwombat.tumblr.com
massivelydistinguishedsweets.tumblr.com
bigboi123456789d.tumblr.com
deletedones.tumblr.com
51clevo.tumblr.com
my-camera-obscura.tumblr.com
beniboss19031997.tumblr.com
hatchet84.tumblr.com
tightteensagain.tumblr.com
shintakouki.tumblr.com
ta-aj.tumblr.com
deestroyertire.tumblr.com
robertosp40.tumblr.com
tyler127890.tumblr.com
adambaigkms.tumblr.com
sirradiohead.tumblr.com
omg-sly-me.tumblr.com
hunter22572.tumblr.com
sum4methings.tumblr.com
lez26.tumblr.com
thecoltex.tumblr.com
mredgod.tumblr.com
chiefy97.tumblr.com
elchicamototo.tumblr.com
gigi4u2.tumblr.com
let-get-buzzy.tumblr.com
matheuszs.tumblr.com
shadowcandy01.tumblr.com
ninogh.tumblr.com
enog88.tumblr.com
mdf325.tumblr.com
sqc86.tumblr.com
killerclowns12.tumblr.com
unclep.tumblr.com
magic-apples.tumblr.com
zhora.tumblr.com
erotic-relapse.tumblr.com
asakuramai.tumblr.com
jimij29.tumblr.com
tighter.tumblr.com
hotharddirtyanddeep.tumblr.com
wetebonyfantasies.tumblr.com
rbbestbutts.tumblr.com
browni.tumblr.com
68stang.tumblr.com
4hotlongsocks.tumblr.com
ajax.googleapis.com
embed.tumblr.com
platform.tumblr.com
coolfuliba.tumblr.com
bone-daddy.tumblr.com
joon1982.tumblr.com
kanoaloha.tumblr.com
demir3428.tumblr.com
boogaloo22.tumblr.com
hisandhersaneroticcollectioniii.tumblr.com
clit-erotica.tumblr.com
deseback.tumblr.com
marrrrriooo.tumblr.com
plmzaq123.tumblr.com
pirateman90.tumblr.com
itsjmad.tumblr.com
serhanunal.tumblr.com
ringotherighteous.tumblr.com
carphib.tumblr.com
fantoccio.tumblr.com
androgynoustriumphwombat.tumblr.com
massivelydistinguishedsweets.tumblr.com
bigboi123456789d.tumblr.com
deletedones.tumblr.com
51clevo.tumblr.com
my-camera-obscura.tumblr.com
beniboss19031997.tumblr.com
hatchet84.tumblr.com
tightteensagain.tumblr.com
shintakouki.tumblr.com
ta-aj.tumblr.com
deestroyertire.tumblr.com
robertosp40.tumblr.com
tyler127890.tumblr.com
adambaigkms.tumblr.com
sirradiohead.tumblr.com
omg-sly-me.tumblr.com
hunter22572.tumblr.com
sum4methings.tumblr.com
lez26.tumblr.com
thecoltex.tumblr.com
mredgod.tumblr.com
chiefy97.tumblr.com
elchicamototo.tumblr.com
gigi4u2.tumblr.com
let-get-buzzy.tumblr.com
matheuszs.tumblr.com
shadowcandy01.tumblr.com
ninogh.tumblr.com
enog88.tumblr.com
mdf325.tumblr.com
sqc86.tumblr.com
killerclowns12.tumblr.com
unclep.tumblr.com
magic-apples.tumblr.com
zhora.tumblr.com
erotic-relapse.tumblr.com
asakuramai.tumblr.com
jimij29.tumblr.com
tighter.tumblr.com
hotharddirtyanddeep.tumblr.com
wetebonyfantasies.tumblr.com
rbbestbutts.tumblr.com
browni.tumblr.com
68stang.tumblr.com
4hotlongsocks.tumblr.com
ajax.googleapis.com
embed.tumblr.com
platform.tumblr.com
coolfuliba.tumblr.com
bone-daddy.tumblr.com
joon1982.tumblr.com
kanoaloha.tumblr.com
demir3428.tumblr.com
boogaloo22.tumblr.com
hisandhersaneroticcollectioniii.tumblr.com
clit-erotica.tumblr.com
deseback.tumblr.com
marrrrriooo.tumblr.com
plmzaq123.tumblr.com
pirateman90.tumblr.com
itsjmad.tumblr.com
serhanunal.tumblr.com
ringotherighteous.tumblr.com
carphib.tumblr.com
fantoccio.tumblr.com
androgynoustriumphwombat.tumblr.com
massivelydistinguishedsweets.tumblr.com
bigboi123456789d.tumblr.com
deletedones.tumblr.com
51clevo.tumblr.com
my-camera-obscura.tumblr.com
beniboss19031997.tumblr.com
hatchet84.tumblr.com
tightteensagain.tumblr.com
shintakouki.tumblr.com
ta-aj.tumblr.com
deestroyertire.tumblr.com
robertosp40.tumblr.com
tyler127890.tumblr.com
adambaigkms.tumblr.com
sirradiohead.tumblr.com
omg-sly-me.tumblr.com
hunter22572.tumblr.com
sum4methings.tumblr.com
lez26.tumblr.com
thecoltex.tumblr.com
mredgod.tumblr.com
chiefy97.tumblr.com
elchicamototo.tumblr.com
gigi4u2.tumblr.com
let-get-buzzy.tumblr.com
matheuszs.tumblr.com
shadowcandy01.tumblr.com
ninogh.tumblr.com
enog88.tumblr.com
mdf325.tumblr.com
sqc86.tumblr.com
killerclowns12.tumblr.com
unclep.tumblr.com
magic-apples.tumblr.com
zhora.tumblr.com
erotic-relapse.tumblr.com
asakuramai.tumblr.com
jimij29.tumblr.com
tighter.tumblr.com
hotharddirtyanddeep.tumblr.com
wetebonyfantasies.tumblr.com
rbbestbutts.tumblr.com
browni.tumblr.com
68stang.tumblr.com
4hotlongsocks.tumblr.com
ajax.googleapis.com
embed.tumblr.com
platform.tumblr.com
coolfuliba.tumblr.com
bone-daddy.tumblr.com
joon1982.tumblr.com
kanoaloha.tumblr.com
demir3428.tumblr.com
boogaloo22.tumblr.com
hisandhersaneroticcollectioniii.tumblr.com
clit-erotica.tumblr.com
deseback.tumblr.com
marrrrriooo.tumblr.com
plmzaq123.tumblr.com
pirateman90.tumblr.com
itsjmad.tumblr.com
serhanunal.tumblr.com
ringotherighteous.tumblr.com
carphib.tumblr.com
fantoccio.tumblr.com
androgynoustriumphwombat.tumblr.com
massivelydistinguishedsweets.tumblr.com
bigboi123456789d.tumblr.com
deletedones.tumblr.com
51clevo.tumblr.com
my-camera-obscura.tumblr.com
beniboss19031997.tumblr.com
hatchet84.tumblr.com
tightteensagain.tumblr.com
shintakouki.tumblr.com
ta-aj.tumblr.com
deestroyertire.tumblr.com
robertosp40.tumblr.com
tyler127890.tumblr.com
adambaigkms.tumblr.com
sirradiohead.tumblr.com
omg-sly-me.tumblr.com
hunter22572.tumblr.com
sum4methings.tumblr.com
lez26.tumblr.com
thecoltex.tumblr.com
mredgod.tumblr.com
chiefy97.tumblr.com
elchicamototo.tumblr.com
gigi4u2.tumblr.com
let-get-buzzy.tumblr.com
matheuszs.tumblr.com
shadowcandy01.tumblr.com
ninogh.tumblr.com
enog88.tumblr.com
mdf325.tumblr.com
sqc86.tumblr.com
killerclowns12.tumblr.com
unclep.tumblr.com
magic-apples.tumblr.com
zhora.tumblr.com
erotic-relapse.tumblr.com
asakuramai.tumblr.com
jimij29.tumblr.com
tighter.tumblr.com
hotharddirtyanddeep.tumblr.com
wetebonyfantasies.tumblr.com
rbbestbutts.tumblr.com
browni.tumblr.com
68stang.tumblr.com
4hotlongsocks.tumblr.com
ajax.googleapis.com
embed.tumblr.com
platform.tumblr.com
coolfuliba.tumblr.com
bone-daddy.tumblr.com
joon1982.tumblr.com
kanoaloha.tumblr.com
demir3428.tumblr.com
boogaloo22.tumblr.com
hisandhersaneroticcollectioniii.tumblr.com
clit-erotica.tumblr.com
deseback.tumblr.com
marrrrriooo.tumblr.com
plmzaq123.tumblr.com
pirateman90.tumblr.com
itsjmad.tumblr.com
serhanunal.tumblr.com
ringotherighteous.tumblr.com
carphib.tumblr.com
fantoccio.tumblr.com
androgynoustriumphwombat.tumblr.com
massivelydistinguishedsweets.tumblr.com
bigboi123456789d.tumblr.com
deletedones.tumblr.com
51clevo.tumblr.com
my-camera-obscura.tumblr.com
beniboss19031997.tumblr.com
hatchet84.tumblr.com
tightteensagain.tumblr.com
shintakouki.tumblr.com
ta-aj.tumblr.com
deestroyertire.tumblr.com
robertosp40.tumblr.com
tyler127890.tumblr.com
adambaigkms.tumblr.com
sirradiohead.tumblr.com
omg-sly-me.tumblr.com
hunter22572.tumblr.com
sum4methings.tumblr.com
lez26.tumblr.com
thecoltex.tumblr.com
mredgod.tumblr.com
chiefy97.tumblr.com
elchicamototo.tumblr.com
gigi4u2.tumblr.com
let-get-buzzy.tumblr.com
matheuszs.tumblr.com
shadowcandy01.tumblr.com
ninogh.tumblr.com
enog88.tumblr.com
mdf325.tumblr.com
sqc86.tumblr.com
killerclowns12.tumblr.com
unclep.tumblr.com
magic-apples.tumblr.com
zhora.tumblr.com
erotic-relapse.tumblr.com
asakuramai.tumblr.com
jimij29.tumblr.com
tighter.tumblr.com
hotharddirtyanddeep.tumblr.com
wetebonyfantasies.tumblr.com
rbbestbutts.tumblr.com
browni.tumblr.com
68stang.tumblr.com
4hotlongsocks.tumblr.com
ajax.googleapis.com
embed.tumblr.com
platform.tumblr.com
coolfuliba.tumblr.com
bone-daddy.tumblr.com
joon1982.tumblr.com
kanoaloha.tumblr.com
demir3428.tumblr.com
boogaloo22.tumblr.com
hisandhersaneroticcollectioniii.tumblr.com
clit-erotica.tumblr.com
deseback.tumblr.com
marrrrriooo.tumblr.com
plmzaq123.tumblr.com
pirateman90.tumblr.com
itsjmad.tumblr.com
serhanunal.tumblr.com
ringotherighteous.tumblr.com
carphib.tumblr.com
fantoccio.tumblr.com
androgynoustriumphwombat.tumblr.com
massivelydistinguishedsweets.tumblr.com
bigboi123456789d.tumblr.com
deletedones.tumblr.com
51clevo.tumblr.com
my-camera-obscura.tumblr.com
beniboss19031997.tumblr.com
hatchet84.tumblr.com
tightteensagain.tumblr.com
shintakouki.tumblr.com
ta-aj.tumblr.com
deestroyertire.tumblr.com
robertosp40.tumblr.com
tyler127890.tumblr.com
adambaigkms.tumblr.com
sirradiohead.tumblr.com
omg-sly-me.tumblr.com
hunter22572.tumblr.com
sum4methings.tumblr.com
lez26.tumblr.com
thecoltex.tumblr.com
mredgod.tumblr.com
chiefy97.tumblr.com
elchicamototo.tumblr.com
gigi4u2.tumblr.com
let-get-buzzy.tumblr.com
matheuszs.tumblr.com
shadowcandy01.tumblr.com
ninogh.tumblr.com
enog88.tumblr.com
mdf325.tumblr.com
sqc86.tumblr.com
killerclowns12.tumblr.com
unclep.tumblr.com
magic-apples.tumblr.com
zhora.tumblr.com
erotic-relapse.tumblr.com
asakuramai.tumblr.com
jimij29.tumblr.com
tighter.tumblr.com
hotharddirtyanddeep.tumblr.com
wetebonyfantasies.tumblr.com
rbbestbutts.tumblr.com
browni.tumblr.com
68stang.tumblr.com
4hotlongsocks.tumblr.com
ajax.googleapis.com
embed.tumblr.com
platform.tumblr.com
coolfuliba.tumblr.com
bone-daddy.tumblr.com
joon1982.tumblr.com
kanoaloha.tumblr.com
demir3428.tumblr.com
boogaloo22.tumblr.com
hisandhersaneroticcollectioniii.tumblr.com
clit-erotica.tumblr.com
deseback.tumblr.com
marrrrriooo.tumblr.com
plmzaq123.tumblr.com
pirateman90.tumblr.com
itsjmad.tumblr.com
serhanunal.tumblr.com
ringotherighteous.tumblr.com
carphib.tumblr.com
fantoccio.tumblr.com
androgynoustriumphwombat.tumblr.com
massivelydistinguishedsweets.tumblr.com
bigboi123456789d.tumblr.com
deletedones.tumblr.com
51clevo.tumblr.com
my-camera-obscura.tumblr.com
beniboss19031997.tumblr.com
hatchet84.tumblr.com
tightteensagain.tumblr.com
shintakouki.tumblr.com
ta-aj.tumblr.com
deestroyertire.tumblr.com
robertosp40.tumblr.com
tyler127890.tumblr.com
adambaigkms.tumblr.com
sirradiohead.tumblr.com
omg-sly-me.tumblr.com
hunter22572.tumblr.com
sum4methings.tumblr.com
lez26.tumblr.com
thecoltex.tumblr.com
mredgod.tumblr.com
chiefy97.tumblr.com
elchicamototo.tumblr.com
gigi4u2.tumblr.com
let-get-buzzy.tumblr.com
matheuszs.tumblr.com
shadowcandy01.tumblr.com
ninogh.tumblr.com
enog88.tumblr.com
mdf325.tumblr.com
sqc86.tumblr.com
killerclowns12.tumblr.com
unclep.tumblr.com
magic-apples.tumblr.com
zhora.tumblr.com
erotic-relapse.tumblr.com
asakuramai.tumblr.com
jimij29.tumblr.com
tighter.tumblr.com
hotharddirtyanddeep.tumblr.com
wetebonyfantasies.tumblr.com
rbbestbutts.tumblr.com
browni.tumblr.com
68stang.tumblr.com
4hotlongsocks.tumblr.com
ajax.googleapis.com
embed.tumblr.com
platform.tumblr.com
coolfuliba.tumblr.com
bone-daddy.tumblr.com
joon1982.tumblr.com
kanoaloha.tumblr.com
demir3428.tumblr.com
boogaloo22.tumblr.com
hisandhersaneroticcollectioniii.tumblr.com
clit-erotica.tumblr.com
deseback.tumblr.com
marrrrriooo.tumblr.com
plmzaq123.tumblr.com
pirateman90.tumblr.com
itsjmad.tumblr.com
serhanunal.tumblr.com
ringotherighteous.tumblr.com
carphib.tumblr.com
fantoccio.tumblr.com
androgynoustriumphwombat.tumblr.com
massivelydistinguishedsweets.tumblr.com
bigboi123456789d.tumblr.com
deletedones.tumblr.com
51clevo.tumblr.com
my-camera-obscura.tumblr.com
beniboss19031997.tumblr.com
hatchet84.tumblr.com
tightteensagain.tumblr.com
shintakouki.tumblr.com
ta-aj.tumblr.com
deestroyertire.tumblr.com
robertosp40.tumblr.com
tyler127890.tumblr.com
adambaigkms.tumblr.com
sirradiohead.tumblr.com
omg-sly-me.tumblr.com
hunter22572.tumblr.com
sum4methings.tumblr.com
lez26.tumblr.com
thecoltex.tumblr.com
mredgod.tumblr.com
chiefy97.tumblr.com
elchicamototo.tumblr.com
gigi4u2.tumblr.com
let-get-buzzy.tumblr.com
matheuszs.tumblr.com
shadowcandy01.tumblr.com
ninogh.tumblr.com
enog88.tumblr.com
mdf325.tumblr.com
sqc86.tumblr.com
killerclowns12.tumblr.com
unclep.tumblr.com
magic-apples.tumblr.com
zhora.tumblr.com
erotic-relapse.tumblr.com
asakuramai.tumblr.com
jimij29.tumblr.com
tighter.tumblr.com
hotharddirtyanddeep.tumblr.com
wetebonyfantasies.tumblr.com
rbbestbutts.tumblr.com
browni.tumblr.com
68stang.tumblr.com
4hotlongsocks.tumblr.com
ajax.googleapis.com
embed.tumblr.com
platform.tumblr.com
coolfuliba.tumblr.com
bone-daddy.tumblr.com
joon1982.tumblr.com
kanoaloha.tumblr.com
demir3428.tumblr.com
boogaloo22.tumblr.com
hisandhersaneroticcollectioniii.tumblr.com
clit-erotica.tumblr.com
deseback.tumblr.com
marrrrriooo.tumblr.com
plmzaq123.tumblr.com
pirateman90.tumblr.com
itsjmad.tumblr.com
serhanunal.tumblr.com
ringotherighteous.tumblr.com
carphib.tumblr.com
fantoccio.tumblr.com
androgynoustriumphwombat.tumblr.com
massivelydistinguishedsweets.tumblr.com
bigboi123456789d.tumblr.com
deletedones.tumblr.com
51clevo.tumblr.com
my-camera-obscura.tumblr.com
beniboss19031997.tumblr.com
hatchet84.tumblr.com
tightteensagain.tumblr.com
shintakouki.tumblr.com
ta-aj.tumblr.com
deestroyertire.tumblr.com
robertosp40.tumblr.com
tyler127890.tumblr.com
adambaigkms.tumblr.com
sirradiohead.tumblr.com
omg-sly-me.tumblr.com
hunter22572.tumblr.com
sum4methings.tumblr.com
lez26.tumblr.com
thecoltex.tumblr.com
mredgod.tumblr.com
chiefy97.tumblr.com
elchicamototo.tumblr.com
gigi4u2.tumblr.com
let-get-buzzy.tumblr.com
matheuszs.tumblr.com
shadowcandy01.tumblr.com
ninogh.tumblr.com
enog88.tumblr.com
mdf325.tumblr.com
sqc86.tumblr.com
killerclowns12.tumblr.com
unclep.tumblr.com
magic-apples.tumblr.com
zhora.tumblr.com
erotic-relapse.tumblr.com
asakuramai.tumblr.com
jimij29.tumblr.com
tighter.tumblr.com
hotharddirtyanddeep.tumblr.com
wetebonyfantasies.tumblr.com
rbbestbutts.tumblr.com
browni.tumblr.com
68stang.tumblr.com
4hotlongsocks.tumblr.com
ajax.googleapis.com
embed.tumblr.com
platform.tumblr.com
coolfuliba.tumblr.com
bone-daddy.tumblr.com
joon1982.tumblr.com
kanoaloha.tumblr.com
demir3428.tumblr.com
boogaloo22.tumblr.com
hisandhersaneroticcollectioniii.tumblr.com
clit-erotica.tumblr.com
deseback.tumblr.com
marrrrriooo.tumblr.com
plmzaq123.tumblr.com
pirateman90.tumblr.com
itsjmad.tumblr.com
serhanunal.tumblr.com
ringotherighteous.tumblr.com
carphib.tumblr.com
fantoccio.tumblr.com
androgynoustriumphwombat.tumblr.com
massivelydistinguishedsweets.tumblr.com
bigboi123456789d.tumblr.com
deletedones.tumblr.com
51clevo.tumblr.com
my-camera-obscura.tumblr.com
beniboss19031997.tumblr.com
hatchet84.tumblr.com
tightteensagain.tumblr.com
shintakouki.tumblr.com
ta-aj.tumblr.com
deestroyertire.tumblr.com
robertosp40.tumblr.com
tyler127890.tumblr.com
adambaigkms.tumblr.com
sirradiohead.tumblr.com
omg-sly-me.tumblr.com
hunter22572.tumblr.com
sum4methings.tumblr.com
lez26.tumblr.com
thecoltex.tumblr.com
mredgod.tumblr.com
chiefy97.tumblr.com
elchicamototo.tumblr.com
gigi4u2.tumblr.com
let-get-buzzy.tumblr.com
matheuszs.tumblr.com
shadowcandy01.tumblr.com
ninogh.tumblr.com
enog88.tumblr.com
mdf325.tumblr.com
sqc86.tumblr.com
killerclowns12.tumblr.com
unclep.tumblr.com
magic-apples.tumblr.com
zhora.tumblr.com
erotic-relapse.tumblr.com
asakuramai.tumblr.com
jimij29.tumblr.com
tighter.tumblr.com
hotharddirtyanddeep.tumblr.com
wetebonyfantasies.tumblr.com
rbbestbutts.tumblr.com
browni.tumblr.com
68stang.tumblr.com
4hotlongsocks.tumblr.com
ajax.googleapis.com
embed.tumblr.com
platform.tumblr.com
coolfuliba.tumblr.com
bone-daddy.tumblr.com
joon1982.tumblr.com
kanoaloha.tumblr.com
demir3428.tumblr.com
boogaloo22.tumblr.com
hisandhersaneroticcollectioniii.tumblr.com
clit-erotica.tumblr.com
deseback.tumblr.com
marrrrriooo.tumblr.com
plmzaq123.tumblr.com
pirateman90.tumblr.com
itsjmad.tumblr.com
serhanunal.tumblr.com
ringotherighteous.tumblr.com
carphib.tumblr.com
fantoccio.tumblr.com
androgynoustriumphwombat.tumblr.com
massivelydistinguishedsweets.tumblr.com
bigboi123456789d.tumblr.com
deletedones.tumblr.com
51clevo.tumblr.com
my-camera-obscura.tumblr.com
beniboss19031997.tumblr.com
hatchet84.tumblr.com
tightteensagain.tumblr.com
shintakouki.tumblr.com
ta-aj.tumblr.com
deestroyertire.tumblr.com
robertosp40.tumblr.com
tyler127890.tumblr.com
adambaigkms.tumblr.com
sirradiohead.tumblr.com
omg-sly-me.tumblr.com
hunter22572.tumblr.com
sum4methings.tumblr.com
lez26.tumblr.com
thecoltex.tumblr.com
mredgod.tumblr.com
chiefy97.tumblr.com
elchicamototo.tumblr.com
gigi4u2.tumblr.com
let-get-buzzy.tumblr.com
matheuszs.tumblr.com
shadowcandy01.tumblr.com
ninogh.tumblr.com
enog88.tumblr.com
mdf325.tumblr.com
sqc86.tumblr.com
killerclowns12.tumblr.com
unclep.tumblr.com
magic-apples.tumblr.com
zhora.tumblr.com
erotic-relapse.tumblr.com
asakuramai.tumblr.com
jimij29.tumblr.com
tighter.tumblr.com
hotharddirtyanddeep.tumblr.com
wetebonyfantasies.tumblr.com
rbbestbutts.tumblr.com
browni.tumblr.com
68stang.tumblr.com
4hotlongsocks.tumblr.com
ajax.googleapis.com
embed.tumblr.com
platform.tumblr.com
coolfuliba.tumblr.com
bone-daddy.tumblr.com
joon1982.tumblr.com
kanoaloha.tumblr.com
demir3428.tumblr.com
boogaloo22.tumblr.com
hisandhersaneroticcollectioniii.tumblr.com
clit-erotica.tumblr.com
deseback.tumblr.com
marrrrriooo.tumblr.com
plmzaq123.tumblr.com
pirateman90.tumblr.com
itsjmad.tumblr.com
serhanunal.tumblr.com
ringotherighteous.tumblr.com
carphib.tumblr.com
fantoccio.tumblr.com
androgynoustriumphwombat.tumblr.com
massivelydistinguishedsweets.tumblr.com
bigboi123456789d.tumblr.com
deletedones.tumblr.com
51clevo.tumblr.com
my-camera-obscura.tumblr.com
beniboss19031997.tumblr.com
hatchet84.tumblr.com
tightteensagain.tumblr.com
shintakouki.tumblr.com
ta-aj.tumblr.com
deestroyertire.tumblr.com
robertosp40.tumblr.com
tyler127890.tumblr.com
adambaigkms.tumblr.com
sirradiohead.tumblr.com
omg-sly-me.tumblr.com
hunter22572.tumblr.com
sum4methings.tumblr.com
lez26.tumblr.com
thecoltex.tumblr.com
mredgod.tumblr.com
chiefy97.tumblr.com
elchicamototo.tumblr.com
gigi4u2.tumblr.com
let-get-buzzy.tumblr.com
matheuszs.tumblr.com
shadowcandy01.tumblr.com
ninogh.tumblr.com
enog88.tumblr.com
mdf325.tumblr.com
sqc86.tumblr.com
killerclowns12.tumblr.com
unclep.tumblr.com
magic-apples.tumblr.com
zhora.tumblr.com
erotic-relapse.tumblr.com
asakuramai.tumblr.com
jimij29.tumblr.com
tighter.tumblr.com
hotharddirtyanddeep.tumblr.com
wetebonyfantasies.tumblr.com
rbbestbutts.tumblr.com
browni.tumblr.com
68stang.tumblr.com
4hotlongsocks.tumblr.com
ajax.googleapis.com
embed.tumblr.com
platform.tumblr.com
coolfuliba.tumblr.com
bone-daddy.tumblr.com
joon1982.tumblr.com
kanoaloha.tumblr.com
demir3428.tumblr.com
boogaloo22.tumblr.com
hisandhersaneroticcollectioniii.tumblr.com
clit-erotica.tumblr.com
deseback.tumblr.com
marrrrriooo.tumblr.com
plmzaq123.tumblr.com
pirateman90.tumblr.com
itsjmad.tumblr.com
serhanunal.tumblr.com
ringotherighteous.tumblr.com
carphib.tumblr.com
fantoccio.tumblr.com
androgynoustriumphwombat.tumblr.com
massivelydistinguishedsweets.tumblr.com
bigboi123456789d.tumblr.com
deletedones.tumblr.com
51clevo.tumblr.com
my-camera-obscura.tumblr.com
beniboss19031997.tumblr.com
hatchet84.tumblr.com
tightteensagain.tumblr.com
shintakouki.tumblr.com
ta-aj.tumblr.com
deestroyertire.tumblr.com
robertosp40.tumblr.com
tyler127890.tumblr.com
adambaigkms.tumblr.com
sirradiohead.tumblr.com
omg-sly-me.tumblr.com
hunter22572.tumblr.com
sum4methings.tumblr.com
lez26.tumblr.com
thecoltex.tumblr.com
mredgod.tumblr.com
chiefy97.tumblr.com
elchicamototo.tumblr.com
gigi4u2.tumblr.com
let-get-buzzy.tumblr.com
matheuszs.tumblr.com
shadowcandy01.tumblr.com
ninogh.tumblr.com
enog88.tumblr.com
mdf325.tumblr.com
sqc86.tumblr.com
killerclowns12.tumblr.com
unclep.tumblr.com
magic-apples.tumblr.com
zhora.tumblr.com
erotic-relapse.tumblr.com
asakuramai.tumblr.com
jimij29.tumblr.com
tighter.tumblr.com
hotharddirtyanddeep.tumblr.com
wetebonyfantasies.tumblr.com
rbbestbutts.tumblr.com
browni.tumblr.com
68stang.tumblr.com
4hotlongsocks.tumblr.com
ajax.googleapis.com
embed.tumblr.com
platform.tumblr.com
coolfuliba.tumblr.com
bone-daddy.tumblr.com
joon1982.tumblr.com
kanoaloha.tumblr.com
demir3428.tumblr.com
boogaloo22.tumblr.com
hisandhersaneroticcollectioniii.tumblr.com
clit-erotica.tumblr.com
deseback.tumblr.com
marrrrriooo.tumblr.com
plmzaq123.tumblr.com
pirateman90.tumblr.com
itsjmad.tumblr.com
serhanunal.tumblr.com
ringotherighteous.tumblr.com
carphib.tumblr.com
fantoccio.tumblr.com
androgynoustriumphwombat.tumblr.com
massivelydistinguishedsweets.tumblr.com
bigboi123456789d.tumblr.com
deletedones.tumblr.com
51clevo.tumblr.com
my-camera-obscura.tumblr.com
beniboss19031997.tumblr.com
hatchet84.tumblr.com
tightteensagain.tumblr.com
shintakouki.tumblr.com
ta-aj.tumblr.com
deestroyertire.tumblr.com
robertosp40.tumblr.com
tyler127890.tumblr.com
adambaigkms.tumblr.com
sirradiohead.tumblr.com
omg-sly-me.tumblr.com
hunter22572.tumblr.com
sum4methings.tumblr.com
lez26.tumblr.com
thecoltex.tumblr.com
mredgod.tumblr.com
chiefy97.tumblr.com
elchicamototo.tumblr.com
gigi4u2.tumblr.com
let-get-buzzy.tumblr.com
matheuszs.tumblr.com
shadowcandy01.tumblr.com
ninogh.tumblr.com
enog88.tumblr.com
mdf325.tumblr.com
sqc86.tumblr.com
killerclowns12.tumblr.com
unclep.tumblr.com
magic-apples.tumblr.com
zhora.tumblr.com
erotic-relapse.tumblr.com
asakuramai.tumblr.com
jimij29.tumblr.com
tighter.tumblr.com
hotharddirtyanddeep.tumblr.com
wetebonyfantasies.tumblr.com
rbbestbutts.tumblr.com
browni.tumblr.com
68stang.tumblr.com
4hotlongsocks.tumblr.com
ajax.googleapis.com
embed.tumblr.com
platform.tumblr.com
coolfuliba.tumblr.com
bone-daddy.tumblr.com
joon1982.tumblr.com
kanoaloha.tumblr.com
demir3428.tumblr.com
boogaloo22.tumblr.com
hisandhersaneroticcollectioniii.tumblr.com
clit-erotica.tumblr.com
deseback.tumblr.com
marrrrriooo.tumblr.com
plmzaq123.tumblr.com
pirateman90.tumblr.com
itsjmad.tumblr.com
serhanunal.tumblr.com
ringotherighteous.tumblr.com
carphib.tumblr.com
fantoccio.tumblr.com
androgynoustriumphwombat.tumblr.com
massivelydistinguishedsweets.tumblr.com
bigboi123456789d.tumblr.com
deletedones.tumblr.com
51clevo.tumblr.com
my-camera-obscura.tumblr.com
beniboss19031997.tumblr.com
hatchet84.tumblr.com
tightteensagain.tumblr.com
shintakouki.tumblr.com
ta-aj.tumblr.com
deestroyertire.tumblr.com
robertosp40.tumblr.com
tyler127890.tumblr.com
adambaigkms.tumblr.com
sirradiohead.tumblr.com
omg-sly-me.tumblr.com
hunter22572.tumblr.com
sum4methings.tumblr.com
lez26.tumblr.com
thecoltex.tumblr.com
mredgod.tumblr.com
chiefy97.tumblr.com
elchicamototo.tumblr.com
gigi4u2.tumblr.com
let-get-buzzy.tumblr.com
matheuszs.tumblr.com
shadowcandy01.tumblr.com
ninogh.tumblr.com
enog88.tumblr.com
mdf325.tumblr.com
sqc86.tumblr.com
killerclowns12.tumblr.com
unclep.tumblr.com
magic-apples.tumblr.com
zhora.tumblr.com
erotic-relapse.tumblr.com
asakuramai.tumblr.com
jimij29.tumblr.com
tighter.tumblr.com
hotharddirtyanddeep.tumblr.com
wetebonyfantasies.tumblr.com
rbbestbutts.tumblr.com
browni.tumblr.com
68stang.tumblr.com
4hotlongsocks.tumblr.com
ajax.googleapis.com
embed.tumblr.com
platform.tumblr.com
coolfuliba.tumblr.com
bone-daddy.tumblr.com
joon1982.tumblr.com
kanoaloha.tumblr.com
demir3428.tumblr.com
boogaloo22.tumblr.com
hisandhersaneroticcollectioniii.tumblr.com
clit-erotica.tumblr.com
deseback.tumblr.com
marrrrriooo.tumblr.com
plmzaq123.tumblr.com
pirateman90.tumblr.com
itsjmad.tumblr.com
serhanunal.tumblr.com
ringotherighteous.tumblr.com
carphib.tumblr.com
fantoccio.tumblr.com
androgynoustriumphwombat.tumblr.com
massivelydistinguishedsweets.tumblr.com
bigboi123456789d.tumblr.com
deletedones.tumblr.com
51clevo.tumblr.com
my-camera-obscura.tumblr.com
beniboss19031997.tumblr.com
hatchet84.tumblr.com
tightteensagain.tumblr.com
shintakouki.tumblr.com
ta-aj.tumblr.com
deestroyertire.tumblr.com
robertosp40.tumblr.com
tyler127890.tumblr.com
adambaigkms.tumblr.com
sirradiohead.tumblr.com
omg-sly-me.tumblr.com
hunter22572.tumblr.com
sum4methings.tumblr.com
lez26.tumblr.com
thecoltex.tumblr.com
mredgod.tumblr.com
chiefy97.tumblr.com
elchicamototo.tumblr.com
gigi4u2.tumblr.com
let-get-buzzy.tumblr.com
matheuszs.tumblr.com
shadowcandy01.tumblr.com
ninogh.tumblr.com
enog88.tumblr.com
mdf325.tumblr.com
sqc86.tumblr.com
killerclowns12.tumblr.com
unclep.tumblr.com
magic-apples.tumblr.com
zhora.tumblr.com
erotic-relapse.tumblr.com
asakuramai.tumblr.com
jimij29.tumblr.com
tighter.tumblr.com
hotharddirtyanddeep.tumblr.com
wetebonyfantasies.tumblr.com
rbbestbutts.tumblr.com
browni.tumblr.com
68stang.tumblr.com
4hotlongsocks.tumblr.com
ajax.googleapis.com
embed.tumblr.com
platform.tumblr.com
coolfuliba.tumblr.com
bone-daddy.tumblr.com
joon1982.tumblr.com
kanoaloha.tumblr.com
demir3428.tumblr.com
boogaloo22.tumblr.com
hisandhersaneroticcollectioniii.tumblr.com
clit-erotica.tumblr.com
deseback.tumblr.com
marrrrriooo.tumblr.com
plmzaq123.tumblr.com
pirateman90.tumblr.com
itsjmad.tumblr.com
serhanunal.tumblr.com
ringotherighteous.tumblr.com
carphib.tumblr.com
fantoccio.tumblr.com
androgynoustriumphwombat.tumblr.com
massivelydistinguishedsweets.tumblr.com
bigboi123456789d.tumblr.com
deletedones.tumblr.com
51clevo.tumblr.com
my-camera-obscura.tumblr.com
beniboss19031997.tumblr.com
hatchet84.tumblr.com
tightteensagain.tumblr.com
shintakouki.tumblr.com
ta-aj.tumblr.com
deestroyertire.tumblr.com
robertosp40.tumblr.com
tyler127890.tumblr.com
adambaigkms.tumblr.com
sirradiohead.tumblr.com
omg-sly-me.tumblr.com
hunter22572.tumblr.com
sum4methings.tumblr.com
lez26.tumblr.com
thecoltex.tumblr.com
mredgod.tumblr.com
chiefy97.tumblr.com
elchicamototo.tumblr.com
gigi4u2.tumblr.com
let-get-buzzy.tumblr.com
matheuszs.tumblr.com
shadowcandy01.tumblr.com
ninogh.tumblr.com
enog88.tumblr.com
mdf325.tumblr.com
sqc86.tumblr.com
killerclowns12.tumblr.com
unclep.tumblr.com
magic-apples.tumblr.com
zhora.tumblr.com
erotic-relapse.tumblr.com
asakuramai.tumblr.com
jimij29.tumblr.com
tighter.tumblr.com
hotharddirtyanddeep.tumblr.com
wetebonyfantasies.tumblr.com
rbbestbutts.tumblr.com
browni.tumblr.com
68stang.tumblr.com
4hotlongsocks.tumblr.com
ajax.googleapis.com
embed.tumblr.com
platform.tumblr.com
coolfuliba.tumblr.com
bone-daddy.tumblr.com
joon1982.tumblr.com
kanoaloha.tumblr.com
demir3428.tumblr.com
boogaloo22.tumblr.com
hisandhersaneroticcollectioniii.tumblr.com
clit-erotica.tumblr.com
deseback.tumblr.com
marrrrriooo.tumblr.com
plmzaq123.tumblr.com
pirateman90.tumblr.com
itsjmad.tumblr.com
serhanunal.tumblr.com
ringotherighteous.tumblr.com
carphib.tumblr.com
fantoccio.tumblr.com
androgynoustriumphwombat.tumblr.com
massivelydistinguishedsweets.tumblr.com
bigboi123456789d.tumblr.com
deletedones.tumblr.com
51clevo.tumblr.com
my-camera-obscura.tumblr.com
beniboss19031997.tumblr.com
hatchet84.tumblr.com
tightteensagain.tumblr.com
shintakouki.tumblr.com
ta-aj.tumblr.com
deestroyertire.tumblr.com
robertosp40.tumblr.com
tyler127890.tumblr.com
adambaigkms.tumblr.com
sirradiohead.tumblr.com
omg-sly-me.tumblr.com
hunter22572.tumblr.com
sum4methings.tumblr.com
lez26.tumblr.com
thecoltex.tumblr.com
mredgod.tumblr.com
chiefy97.tumblr.com
elchicamototo.tumblr.com
gigi4u2.tumblr.com
let-get-buzzy.tumblr.com
matheuszs.tumblr.com
shadowcandy01.tumblr.com
ninogh.tumblr.com
enog88.tumblr.com
mdf325.tumblr.com
sqc86.tumblr.com
killerclowns12.tumblr.com
unclep.tumblr.com
magic-apples.tumblr.com
zhora.tumblr.com
erotic-relapse.tumblr.com
asakuramai.tumblr.com
jimij29.tumblr.com
tighter.tumblr.com
hotharddirtyanddeep.tumblr.com
wetebonyfantasies.tumblr.com
rbbestbutts.tumblr.com
browni.tumblr.com
68stang.tumblr.com
4hotlongsocks.tumblr.com
ajax.googleapis.com
embed.tumblr.com
platform.tumblr.com
coolfuliba.tumblr.com
bone-daddy.tumblr.com
joon1982.tumblr.com
kanoaloha.tumblr.com
demir3428.tumblr.com
boogaloo22.tumblr.com
hisandhersaneroticcollectioniii.tumblr.com
clit-erotica.tumblr.com
deseback.tumblr.com
marrrrriooo.tumblr.com
plmzaq123.tumblr.com
pirateman90.tumblr.com
itsjmad.tumblr.com
serhanunal.tumblr.com
ringotherighteous.tumblr.com
carphib.tumblr.com
fantoccio.tumblr.com
androgynoustriumphwombat.tumblr.com
massivelydistinguishedsweets.tumblr.com
bigboi123456789d.tumblr.com
deletedones.tumblr.com
51clevo.tumblr.com
my-camera-obscura.tumblr.com
beniboss19031997.tumblr.com
hatchet84.tumblr.com
tightteensagain.tumblr.com
shintakouki.tumblr.com
ta-aj.tumblr.com
deestroyertire.tumblr.com
robertosp40.tumblr.com
tyler127890.tumblr.com
adambaigkms.tumblr.com
sirradiohead.tumblr.com
omg-sly-me.tumblr.com
hunter22572.tumblr.com
sum4methings.tumblr.com
lez26.tumblr.com
thecoltex.tumblr.com
mredgod.tumblr.com
chiefy97.tumblr.com
elchicamototo.tumblr.com
gigi4u2.tumblr.com
let-get-buzzy.tumblr.com
matheuszs.tumblr.com
shadowcandy01.tumblr.com
ninogh.tumblr.com
enog88.tumblr.com
mdf325.tumblr.com
sqc86.tumblr.com
killerclowns12.tumblr.com
unclep.tumblr.com
magic-apples.tumblr.com
zhora.tumblr.com
erotic-relapse.tumblr.com
asakuramai.tumblr.com
jimij29.tumblr.com
tighter.tumblr.com
hotharddirtyanddeep.tumblr.com
wetebonyfantasies.tumblr.com
rbbestbutts.tumblr.com
browni.tumblr.com
68stang.tumblr.com
4hotlongsocks.tumblr.com
ajax.googleapis.com
embed.tumblr.com
platform.tumblr.com
coolfuliba.tumblr.com
bone-daddy.tumblr.com
joon1982.tumblr.com
kanoaloha.tumblr.com
demir3428.tumblr.com
boogaloo22.tumblr.com
hisandhersaneroticcollectioniii.tumblr.com
clit-erotica.tumblr.com
deseback.tumblr.com
marrrrriooo.tumblr.com
plmzaq123.tumblr.com
pirateman90.tumblr.com
itsjmad.tumblr.com
serhanunal.tumblr.com
ringotherighteous.tumblr.com
carphib.tumblr.com
fantoccio.tumblr.com
androgynoustriumphwombat.tumblr.com
massivelydistinguishedsweets.tumblr.com
bigboi123456789d.tumblr.com
deletedones.tumblr.com
51clevo.tumblr.com
my-camera-obscura.tumblr.com
beniboss19031997.tumblr.com
hatchet84.tumblr.com
tightteensagain.tumblr.com
shintakouki.tumblr.com
ta-aj.tumblr.com
deestroyertire.tumblr.com
robertosp40.tumblr.com
tyler127890.tumblr.com
adambaigkms.tumblr.com
sirradiohead.tumblr.com
omg-sly-me.tumblr.com
hunter22572.tumblr.com
sum4methings.tumblr.com
lez26.tumblr.com
thecoltex.tumblr.com
mredgod.tumblr.com
chiefy97.tumblr.com
elchicamototo.tumblr.com
gigi4u2.tumblr.com
let-get-buzzy.tumblr.com
matheuszs.tumblr.com
shadowcandy01.tumblr.com
ninogh.tumblr.com
enog88.tumblr.com
mdf325.tumblr.com
sqc86.tumblr.com
killerclowns12.tumblr.com
unclep.tumblr.com
magic-apples.tumblr.com
zhora.tumblr.com
erotic-relapse.tumblr.com
asakuramai.tumblr.com
jimij29.tumblr.com
tighter.tumblr.com
hotharddirtyanddeep.tumblr.com
wetebonyfantasies.tumblr.com
rbbestbutts.tumblr.com
browni.tumblr.com
68stang.tumblr.com
4hotlongsocks.tumblr.com
ajax.googleapis.com
embed.tumblr.com
platform.tumblr.com
coolfuliba.tumblr.com
bone-daddy.tumblr.com
joon1982.tumblr.com
kanoaloha.tumblr.com
demir3428.tumblr.com
boogaloo22.tumblr.com
hisandhersaneroticcollectioniii.tumblr.com
clit-erotica.tumblr.com
deseback.tumblr.com
marrrrriooo.tumblr.com
plmzaq123.tumblr.com
pirateman90.tumblr.com
itsjmad.tumblr.com
serhanunal.tumblr.com
ringotherighteous.tumblr.com
carphib.tumblr.com
fantoccio.tumblr.com
androgynoustriumphwombat.tumblr.com
massivelydistinguishedsweets.tumblr.com
bigboi123456789d.tumblr.com
deletedones.tumblr.com
51clevo.tumblr.com
my-camera-obscura.tumblr.com
beniboss19031997.tumblr.com
hatchet84.tumblr.com
tightteensagain.tumblr.com
shintakouki.tumblr.com
ta-aj.tumblr.com
deestroyertire.tumblr.com
robertosp40.tumblr.com
tyler127890.tumblr.com
adambaigkms.tumblr.com
sirradiohead.tumblr.com
omg-sly-me.tumblr.com
hunter22572.tumblr.com
sum4methings.tumblr.com
lez26.tumblr.com
thecoltex.tumblr.com
mredgod.tumblr.com
chiefy97.tumblr.com
elchicamototo.tumblr.com
gigi4u2.tumblr.com
let-get-buzzy.tumblr.com
matheuszs.tumblr.com
shadowcandy01.tumblr.com
ninogh.tumblr.com
enog88.tumblr.com
mdf325.tumblr.com
sqc86.tumblr.com
killerclowns12.tumblr.com
unclep.tumblr.com
magic-apples.tumblr.com
zhora.tumblr.com
erotic-relapse.tumblr.com
asakuramai.tumblr.com
jimij29.tumblr.com
tighter.tumblr.com
hotharddirtyanddeep.tumblr.com
wetebonyfantasies.tumblr.com
rbbestbutts.tumblr.com
browni.tumblr.com
68stang.tumblr.com
4hotlongsocks.tumblr.com
ajax.googleapis.com
embed.tumblr.com
platform.tumblr.com
coolfuliba.tumblr.com
bone-daddy.tumblr.com
joon1982.tumblr.com
kanoaloha.tumblr.com
demir3428.tumblr.com
boogaloo22.tumblr.com
hisandhersaneroticcollectioniii.tumblr.com
clit-erotica.tumblr.com
deseback.tumblr.com
marrrrriooo.tumblr.com
plmzaq123.tumblr.com
pirateman90.tumblr.com
itsjmad.tumblr.com
serhanunal.tumblr.com
ringotherighteous.tumblr.com
carphib.tumblr.com
fantoccio.tumblr.com
androgynoustriumphwombat.tumblr.com
massivelydistinguishedsweets.tumblr.com
bigboi123456789d.tumblr.com
deletedones.tumblr.com
51clevo.tumblr.com
my-camera-obscura.tumblr.com
beniboss19031997.tumblr.com
hatchet84.tumblr.com
tightteensagain.tumblr.com
shintakouki.tumblr.com
ta-aj.tumblr.com
deestroyertire.tumblr.com
robertosp40.tumblr.com
tyler127890.tumblr.com
adambaigkms.tumblr.com
sirradiohead.tumblr.com
omg-sly-me.tumblr.com
hunter22572.tumblr.com
sum4methings.tumblr.com
lez26.tumblr.com
thecoltex.tumblr.com
mredgod.tumblr.com
chiefy97.tumblr.com
elchicamototo.tumblr.com
gigi4u2.tumblr.com
let-get-buzzy.tumblr.com
matheuszs.tumblr.com
shadowcandy01.tumblr.com
ninogh.tumblr.com
enog88.tumblr.com
mdf325.tumblr.com
sqc86.tumblr.com
killerclowns12.tumblr.com
unclep.tumblr.com
magic-apples.tumblr.com
zhora.tumblr.com
erotic-relapse.tumblr.com
asakuramai.tumblr.com
jimij29.tumblr.com
tighter.tumblr.com
hotharddirtyanddeep.tumblr.com
wetebonyfantasies.tumblr.com
rbbestbutts.tumblr.com
browni.tumblr.com
68stang.tumblr.com
4hotlongsocks.tumblr.com
ajax.googleapis.com
embed.tumblr.com
platform.tumblr.com
coolfuliba.tumblr.com
bone-daddy.tumblr.com
joon1982.tumblr.com
kanoaloha.tumblr.com
demir3428.tumblr.com
boogaloo22.tumblr.com
hisandhersaneroticcollectioniii.tumblr.com
clit-erotica.tumblr.com
deseback.tumblr.com
marrrrriooo.tumblr.com
plmzaq123.tumblr.com
pirateman90.tumblr.com
itsjmad.tumblr.com
serhanunal.tumblr.com
ringotherighteous.tumblr.com
carphib.tumblr.com
fantoccio.tumblr.com
androgynoustriumphwombat.tumblr.com
massivelydistinguishedsweets.tumblr.com
bigboi123456789d.tumblr.com
deletedones.tumblr.com
51clevo.tumblr.com
my-camera-obscura.tumblr.com
beniboss19031997.tumblr.com
hatchet84.tumblr.com
tightteensagain.tumblr.com
shintakouki.tumblr.com
ta-aj.tumblr.com
deestroyertire.tumblr.com
robertosp40.tumblr.com
tyler127890.tumblr.com
adambaigkms.tumblr.com
sirradiohead.tumblr.com
omg-sly-me.tumblr.com
hunter22572.tumblr.com
sum4methings.tumblr.com
lez26.tumblr.com
thecoltex.tumblr.com
mredgod.tumblr.com
chiefy97.tumblr.com
elchicamototo.tumblr.com
gigi4u2.tumblr.com
let-get-buzzy.tumblr.com
matheuszs.tumblr.com
shadowcandy01.tumblr.com
ninogh.tumblr.com
enog88.tumblr.com
mdf325.tumblr.com
sqc86.tumblr.com
killerclowns12.tumblr.com
unclep.tumblr.com
magic-apples.tumblr.com
zhora.tumblr.com
erotic-relapse.tumblr.com
asakuramai.tumblr.com
jimij29.tumblr.com
tighter.tumblr.com
hotharddirtyanddeep.tumblr.com
wetebonyfantasies.tumblr.com
rbbestbutts.tumblr.com
browni.tumblr.com
68stang.tumblr.com
4hotlongsocks.tumblr.com
ajax.googleapis.com
embed.tumblr.com
platform.tumblr.com
coolfuliba.tumblr.com
bone-daddy.tumblr.com
joon1982.tumblr.com
kanoaloha.tumblr.com
demir3428.tumblr.com
boogaloo22.tumblr.com
hisandhersaneroticcollectioniii.tumblr.com
clit-erotica.tumblr.com
deseback.tumblr.com
marrrrriooo.tumblr.com
plmzaq123.tumblr.com
pirateman90.tumblr.com
itsjmad.tumblr.com
serhanunal.tumblr.com
ringotherighteous.tumblr.com
carphib.tumblr.com
fantoccio.tumblr.com
androgynoustriumphwombat.tumblr.com
massivelydistinguishedsweets.tumblr.com
bigboi123456789d.tumblr.com
deletedones.tumblr.com
51clevo.tumblr.com
my-camera-obscura.tumblr.com
beniboss19031997.tumblr.com
hatchet84.tumblr.com
tightteensagain.tumblr.com
shintakouki.tumblr.com
ta-aj.tumblr.com
deestroyertire.tumblr.com
robertosp40.tumblr.com
tyler127890.tumblr.com
adambaigkms.tumblr.com
sirradiohead.tumblr.com
omg-sly-me.tumblr.com
hunter22572.tumblr.com
sum4methings.tumblr.com
lez26.tumblr.com
thecoltex.tumblr.com
mredgod.tumblr.com
chiefy97.tumblr.com
elchicamototo.tumblr.com
gigi4u2.tumblr.com
let-get-buzzy.tumblr.com
matheuszs.tumblr.com
shadowcandy01.tumblr.com
ninogh.tumblr.com
enog88.tumblr.com
mdf325.tumblr.com
sqc86.tumblr.com
killerclowns12.tumblr.com
unclep.tumblr.com
magic-apples.tumblr.com
zhora.tumblr.com
erotic-relapse.tumblr.com
asakuramai.tumblr.com
jimij29.tumblr.com
tighter.tumblr.com
hotharddirtyanddeep.tumblr.com
wetebonyfantasies.tumblr.com
rbbestbutts.tumblr.com
browni.tumblr.com
68stang.tumblr.com
4hotlongsocks.tumblr.com
ajax.googleapis.com
embed.tumblr.com
platform.tumblr.com
coolfuliba.tumblr.com
bone-daddy.tumblr.com
joon1982.tumblr.com
kanoaloha.tumblr.com
demir3428.tumblr.com
boogaloo22.tumblr.com
hisandhersaneroticcollectioniii.tumblr.com
clit-erotica.tumblr.com
deseback.tumblr.com
marrrrriooo.tumblr.com
plmzaq123.tumblr.com
pirateman90.tumblr.com
itsjmad.tumblr.com
serhanunal.tumblr.com
ringotherighteous.tumblr.com
carphib.tumblr.com
fantoccio.tumblr.com
androgynoustriumphwombat.tumblr.com
massivelydistinguishedsweets.tumblr.com
bigboi123456789d.tumblr.com
deletedones.tumblr.com
51clevo.tumblr.com
my-camera-obscura.tumblr.com
beniboss19031997.tumblr.com
hatchet84.tumblr.com
tightteensagain.tumblr.com
shintakouki.tumblr.com
ta-aj.tumblr.com
deestroyertire.tumblr.com
robertosp40.tumblr.com
tyler127890.tumblr.com
adambaigkms.tumblr.com
sirradiohead.tumblr.com
omg-sly-me.tumblr.com
hunter22572.tumblr.com
sum4methings.tumblr.com
lez26.tumblr.com
thecoltex.tumblr.com
mredgod.tumblr.com
chiefy97.tumblr.com
elchicamototo.tumblr.com
gigi4u2.tumblr.com
let-get-buzzy.tumblr.com
matheuszs.tumblr.com
shadowcandy01.tumblr.com
ninogh.tumblr.com
enog88.tumblr.com
mdf325.tumblr.com
sqc86.tumblr.com
killerclowns12.tumblr.com
unclep.tumblr.com
magic-apples.tumblr.com
zhora.tumblr.com
erotic-relapse.tumblr.com
asakuramai.tumblr.com
jimij29.tumblr.com
tighter.tumblr.com
hotharddirtyanddeep.tumblr.com
wetebonyfantasies.tumblr.com
rbbestbutts.tumblr.com
browni.tumblr.com
68stang.tumblr.com
4hotlongsocks.tumblr.com
ajax.googleapis.com
embed.tumblr.com
platform.tumblr.com
coolfuliba.tumblr.com
bone-daddy.tumblr.com
joon1982.tumblr.com
kanoaloha.tumblr.com
demir3428.tumblr.com
boogaloo22.tumblr.com
hisandhersaneroticcollectioniii.tumblr.com
clit-erotica.tumblr.com
deseback.tumblr.com
marrrrriooo.tumblr.com
plmzaq123.tumblr.com
pirateman90.tumblr.com
itsjmad.tumblr.com
serhanunal.tumblr.com
ringotherighteous.tumblr.com
carphib.tumblr.com
fantoccio.tumblr.com
androgynoustriumphwombat.tumblr.com
massivelydistinguishedsweets.tumblr.com
bigboi123456789d.tumblr.com
deletedones.tumblr.com
51clevo.tumblr.com
my-camera-obscura.tumblr.com
beniboss19031997.tumblr.com
hatchet84.tumblr.com
tightteensagain.tumblr.com
shintakouki.tumblr.com
ta-aj.tumblr.com
deestroyertire.tumblr.com
robertosp40.tumblr.com
tyler127890.tumblr.com
adambaigkms.tumblr.com
sirradiohead.tumblr.com
omg-sly-me.tumblr.com
hunter22572.tumblr.com
sum4methings.tumblr.com
lez26.tumblr.com
thecoltex.tumblr.com
mredgod.tumblr.com
chiefy97.tumblr.com
elchicamototo.tumblr.com
gigi4u2.tumblr.com
let-get-buzzy.tumblr.com
matheuszs.tumblr.com
shadowcandy01.tumblr.com
ninogh.tumblr.com
enog88.tumblr.com
mdf325.tumblr.com
sqc86.tumblr.com
killerclowns12.tumblr.com
unclep.tumblr.com
magic-apples.tumblr.com
zhora.tumblr.com
erotic-relapse.tumblr.com
asakuramai.tumblr.com
jimij29.tumblr.com
tighter.tumblr.com
hotharddirtyanddeep.tumblr.com
wetebonyfantasies.tumblr.com
rbbestbutts.tumblr.com
browni.tumblr.com
68stang.tumblr.com
4hotlongsocks.tumblr.com
ajax.googleapis.com
embed.tumblr.com
platform.tumblr.com
coolfuliba.tumblr.com
bone-daddy.tumblr.com
joon1982.tumblr.com
kanoaloha.tumblr.com
demir3428.tumblr.com
boogaloo22.tumblr.com
hisandhersaneroticcollectioniii.tumblr.com
clit-erotica.tumblr.com
deseback.tumblr.com
marrrrriooo.tumblr.com
plmzaq123.tumblr.com
pirateman90.tumblr.com
itsjmad.tumblr.com
serhanunal.tumblr.com
ringotherighteous.tumblr.com
carphib.tumblr.com
fantoccio.tumblr.com
androgynoustriumphwombat.tumblr.com
massivelydistinguishedsweets.tumblr.com
bigboi123456789d.tumblr.com
deletedones.tumblr.com
51clevo.tumblr.com
my-camera-obscura.tumblr.com
beniboss19031997.tumblr.com
hatchet84.tumblr.com
tightteensagain.tumblr.com
shintakouki.tumblr.com
ta-aj.tumblr.com
deestroyertire.tumblr.com
robertosp40.tumblr.com
tyler127890.tumblr.com
adambaigkms.tumblr.com
sirradiohead.tumblr.com
omg-sly-me.tumblr.com
hunter22572.tumblr.com
sum4methings.tumblr.com
lez26.tumblr.com
thecoltex.tumblr.com
mredgod.tumblr.com
chiefy97.tumblr.com
elchicamototo.tumblr.com
gigi4u2.tumblr.com
let-get-buzzy.tumblr.com
matheuszs.tumblr.com
shadowcandy01.tumblr.com
ninogh.tumblr.com
enog88.tumblr.com
mdf325.tumblr.com
sqc86.tumblr.com
killerclowns12.tumblr.com
unclep.tumblr.com
magic-apples.tumblr.com
zhora.tumblr.com
erotic-relapse.tumblr.com
asakuramai.tumblr.com
jimij29.tumblr.com
tighter.tumblr.com
hotharddirtyanddeep.tumblr.com
wetebonyfantasies.tumblr.com
rbbestbutts.tumblr.com
browni.tumblr.com
68stang.tumblr.com
4hotlongsocks.tumblr.com
ajax.googleapis.com
embed.tumblr.com
platform.tumblr.com
coolfuliba.tumblr.com
bone-daddy.tumblr.com
joon1982.tumblr.com
kanoaloha.tumblr.com
demir3428.tumblr.com
boogaloo22.tumblr.com
hisandhersaneroticcollectioniii.tumblr.com
clit-erotica.tumblr.com
deseback.tumblr.com
marrrrriooo.tumblr.com
plmzaq123.tumblr.com
pirateman90.tumblr.com
itsjmad.tumblr.com
serhanunal.tumblr.com
ringotherighteous.tumblr.com
carphib.tumblr.com
fantoccio.tumblr.com
androgynoustriumphwombat.tumblr.com
massivelydistinguishedsweets.tumblr.com
bigboi123456789d.tumblr.com
deletedones.tumblr.com
51clevo.tumblr.com
my-camera-obscura.tumblr.com
beniboss19031997.tumblr.com
hatchet84.tumblr.com
tightteensagain.tumblr.com
shintakouki.tumblr.com
ta-aj.tumblr.com
deestroyertire.tumblr.com
robertosp40.tumblr.com
tyler127890.tumblr.com
adambaigkms.tumblr.com
sirradiohead.tumblr.com
omg-sly-me.tumblr.com
hunter22572.tumblr.com
sum4methings.tumblr.com
lez26.tumblr.com
thecoltex.tumblr.com
mredgod.tumblr.com
chiefy97.tumblr.com
elchicamototo.tumblr.com
gigi4u2.tumblr.com
let-get-buzzy.tumblr.com
matheuszs.tumblr.com
shadowcandy01.tumblr.com
ninogh.tumblr.com
enog88.tumblr.com
mdf325.tumblr.com
sqc86.tumblr.com
killerclowns12.tumblr.com
unclep.tumblr.com
magic-apples.tumblr.com
zhora.tumblr.com
erotic-relapse.tumblr.com
asakuramai.tumblr.com
jimij29.tumblr.com
tighter.tumblr.com
hotharddirtyanddeep.tumblr.com
wetebonyfantasies.tumblr.com
rbbestbutts.tumblr.com
browni.tumblr.com
68stang.tumblr.com
4hotlongsocks.tumblr.com
ajax.googleapis.com
embed.tumblr.com
platform.tumblr.com
coolfuliba.tumblr.com
bone-daddy.tumblr.com
joon1982.tumblr.com
kanoaloha.tumblr.com
demir3428.tumblr.com
boogaloo22.tumblr.com
hisandhersaneroticcollectioniii.tumblr.com
clit-erotica.tumblr.com
deseback.tumblr.com
marrrrriooo.tumblr.com
plmzaq123.tumblr.com
pirateman90.tumblr.com
itsjmad.tumblr.com
serhanunal.tumblr.com
ringotherighteous.tumblr.com
carphib.tumblr.com
fantoccio.tumblr.com
androgynoustriumphwombat.tumblr.com
massivelydistinguishedsweets.tumblr.com
bigboi123456789d.tumblr.com
deletedones.tumblr.com
51clevo.tumblr.com
my-camera-obscura.tumblr.com
beniboss19031997.tumblr.com
hatchet84.tumblr.com
tightteensagain.tumblr.com
shintakouki.tumblr.com
ta-aj.tumblr.com
deestroyertire.tumblr.com
robertosp40.tumblr.com
tyler127890.tumblr.com
adambaigkms.tumblr.com
sirradiohead.tumblr.com
omg-sly-me.tumblr.com
hunter22572.tumblr.com
sum4methings.tumblr.com
lez26.tumblr.com
thecoltex.tumblr.com
mredgod.tumblr.com
chiefy97.tumblr.com
elchicamototo.tumblr.com
gigi4u2.tumblr.com
let-get-buzzy.tumblr.com
matheuszs.tumblr.com
shadowcandy01.tumblr.com
ninogh.tumblr.com
enog88.tumblr.com
mdf325.tumblr.com
sqc86.tumblr.com
killerclowns12.tumblr.com
unclep.tumblr.com
magic-apples.tumblr.com
zhora.tumblr.com
erotic-relapse.tumblr.com
asakuramai.tumblr.com
jimij29.tumblr.com
tighter.tumblr.com
hotharddirtyanddeep.tumblr.com
wetebonyfantasies.tumblr.com
rbbestbutts.tumblr.com
browni.tumblr.com
68stang.tumblr.com
4hotlongsocks.tumblr.com
ajax.googleapis.com
embed.tumblr.com
platform.tumblr.com
coolfuliba.tumblr.com
bone-daddy.tumblr.com
joon1982.tumblr.com
kanoaloha.tumblr.com
demir3428.tumblr.com
boogaloo22.tumblr.com
hisandhersaneroticcollectioniii.tumblr.com
clit-erotica.tumblr.com
deseback.tumblr.com
marrrrriooo.tumblr.com
plmzaq123.tumblr.com
pirateman90.tumblr.com
itsjmad.tumblr.com
serhanunal.tumblr.com
ringotherighteous.tumblr.com
carphib.tumblr.com
fantoccio.tumblr.com
androgynoustriumphwombat.tumblr.com
massivelydistinguishedsweets.tumblr.com
bigboi123456789d.tumblr.com
deletedones.tumblr.com
51clevo.tumblr.com
my-camera-obscura.tumblr.com
beniboss19031997.tumblr.com
hatchet84.tumblr.com
tightteensagain.tumblr.com
shintakouki.tumblr.com
ta-aj.tumblr.com
deestroyertire.tumblr.com
robertosp40.tumblr.com
tyler127890.tumblr.com
adambaigkms.tumblr.com
sirradiohead.tumblr.com
omg-sly-me.tumblr.com
hunter22572.tumblr.com
sum4methings.tumblr.com
lez26.tumblr.com
thecoltex.tumblr.com
mredgod.tumblr.com
chiefy97.tumblr.com
elchicamototo.tumblr.com
gigi4u2.tumblr.com
let-get-buzzy.tumblr.com
matheuszs.tumblr.com
shadowcandy01.tumblr.com
ninogh.tumblr.com
enog88.tumblr.com
mdf325.tumblr.com
sqc86.tumblr.com
killerclowns12.tumblr.com
unclep.tumblr.com
magic-apples.tumblr.com
zhora.tumblr.com
erotic-relapse.tumblr.com
asakuramai.tumblr.com
jimij29.tumblr.com
tighter.tumblr.com
hotharddirtyanddeep.tumblr.com
wetebonyfantasies.tumblr.com
rbbestbutts.tumblr.com
browni.tumblr.com
68stang.tumblr.com
4hotlongsocks.tumblr.com
ajax.googleapis.com
embed.tumblr.com
platform.tumblr.com
coolfuliba.tumblr.com
bone-daddy.tumblr.com
joon1982.tumblr.com
kanoaloha.tumblr.com
demir3428.tumblr.com
boogaloo22.tumblr.com
hisandhersaneroticcollectioniii.tumblr.com
clit-erotica.tumblr.com
deseback.tumblr.com
marrrrriooo.tumblr.com
plmzaq123.tumblr.com
pirateman90.tumblr.com
itsjmad.tumblr.com
serhanunal.tumblr.com
ringotherighteous.tumblr.com
carphib.tumblr.com
fantoccio.tumblr.com
androgynoustriumphwombat.tumblr.com
massivelydistinguishedsweets.tumblr.com
bigboi123456789d.tumblr.com
deletedones.tumblr.com
51clevo.tumblr.com
my-camera-obscura.tumblr.com
beniboss19031997.tumblr.com
hatchet84.tumblr.com
tightteensagain.tumblr.com
shintakouki.tumblr.com
ta-aj.tumblr.com
deestroyertire.tumblr.com
robertosp40.tumblr.com
tyler127890.tumblr.com
adambaigkms.tumblr.com
sirradiohead.tumblr.com
omg-sly-me.tumblr.com
hunter22572.tumblr.com
sum4methings.tumblr.com
lez26.tumblr.com
thecoltex.tumblr.com
mredgod.tumblr.com
chiefy97.tumblr.com
elchicamototo.tumblr.com
gigi4u2.tumblr.com
let-get-buzzy.tumblr.com
matheuszs.tumblr.com
shadowcandy01.tumblr.com
ninogh.tumblr.com
enog88.tumblr.com
mdf325.tumblr.com
sqc86.tumblr.com
killerclowns12.tumblr.com
unclep.tumblr.com
magic-apples.tumblr.com
zhora.tumblr.com
erotic-relapse.tumblr.com
asakuramai.tumblr.com
jimij29.tumblr.com
tighter.tumblr.com
hotharddirtyanddeep.tumblr.com
wetebonyfantasies.tumblr.com
rbbestbutts.tumblr.com
browni.tumblr.com
68stang.tumblr.com
4hotlongsocks.tumblr.com
ajax.googleapis.com
embed.tumblr.com
platform.tumblr.com
coolfuliba.tumblr.com
bone-daddy.tumblr.com
joon1982.tumblr.com
kanoaloha.tumblr.com
demir3428.tumblr.com
boogaloo22.tumblr.com
hisandhersaneroticcollectioniii.tumblr.com
clit-erotica.tumblr.com
deseback.tumblr.com
marrrrriooo.tumblr.com
plmzaq123.tumblr.com
pirateman90.tumblr.com
itsjmad.tumblr.com
serhanunal.tumblr.com
ringotherighteous.tumblr.com
carphib.tumblr.com
fantoccio.tumblr.com
androgynoustriumphwombat.tumblr.com
massivelydistinguishedsweets.tumblr.com
bigboi123456789d.tumblr.com
deletedones.tumblr.com
51clevo.tumblr.com
my-camera-obscura.tumblr.com
beniboss19031997.tumblr.com
hatchet84.tumblr.com
tightteensagain.tumblr.com
shintakouki.tumblr.com
ta-aj.tumblr.com
deestroyertire.tumblr.com
robertosp40.tumblr.com
tyler127890.tumblr.com
adambaigkms.tumblr.com
sirradiohead.tumblr.com
omg-sly-me.tumblr.com
hunter22572.tumblr.com
sum4methings.tumblr.com
lez26.tumblr.com
thecoltex.tumblr.com
mredgod.tumblr.com
chiefy97.tumblr.com
elchicamototo.tumblr.com
gigi4u2.tumblr.com
let-get-buzzy.tumblr.com
matheuszs.tumblr.com
shadowcandy01.tumblr.com
ninogh.tumblr.com
enog88.tumblr.com
mdf325.tumblr.com
sqc86.tumblr.com
killerclowns12.tumblr.com
unclep.tumblr.com
magic-apples.tumblr.com
zhora.tumblr.com
erotic-relapse.tumblr.com
asakuramai.tumblr.com
jimij29.tumblr.com
tighter.tumblr.com
hotharddirtyanddeep.tumblr.com
wetebonyfantasies.tumblr.com
rbbestbutts.tumblr.com
browni.tumblr.com
68stang.tumblr.com
4hotlongsocks.tumblr.com
ajax.googleapis.com
embed.tumblr.com
platform.tumblr.com
coolfuliba.tumblr.com
bone-daddy.tumblr.com
joon1982.tumblr.com
kanoaloha.tumblr.com
demir3428.tumblr.com
boogaloo22.tumblr.com
hisandhersaneroticcollectioniii.tumblr.com
clit-erotica.tumblr.com
deseback.tumblr.com
marrrrriooo.tumblr.com
plmzaq123.tumblr.com
pirateman90.tumblr.com
itsjmad.tumblr.com
serhanunal.tumblr.com
ringotherighteous.tumblr.com
carphib.tumblr.com
fantoccio.tumblr.com
androgynoustriumphwombat.tumblr.com
massivelydistinguishedsweets.tumblr.com
bigboi123456789d.tumblr.com
deletedones.tumblr.com
51clevo.tumblr.com
my-camera-obscura.tumblr.com
beniboss19031997.tumblr.com
hatchet84.tumblr.com
tightteensagain.tumblr.com
shintakouki.tumblr.com
ta-aj.tumblr.com
deestroyertire.tumblr.com
robertosp40.tumblr.com
tyler127890.tumblr.com
adambaigkms.tumblr.com
sirradiohead.tumblr.com
omg-sly-me.tumblr.com
hunter22572.tumblr.com
sum4methings.tumblr.com
lez26.tumblr.com
thecoltex.tumblr.com
mredgod.tumblr.com
chiefy97.tumblr.com
elchicamototo.tumblr.com
gigi4u2.tumblr.com
let-get-buzzy.tumblr.com
matheuszs.tumblr.com
shadowcandy01.tumblr.com
ninogh.tumblr.com
enog88.tumblr.com
mdf325.tumblr.com
sqc86.tumblr.com
killerclowns12.tumblr.com
unclep.tumblr.com
magic-apples.tumblr.com
zhora.tumblr.com
erotic-relapse.tumblr.com
asakuramai.tumblr.com
jimij29.tumblr.com
tighter.tumblr.com
hotharddirtyanddeep.tumblr.com
wetebonyfantasies.tumblr.com
rbbestbutts.tumblr.com
browni.tumblr.com
68stang.tumblr.com
4hotlongsocks.tumblr.com
ajax.googleapis.com
embed.tumblr.com
platform.tumblr.com
coolfuliba.tumblr.com
bone-daddy.tumblr.com
joon1982.tumblr.com
kanoaloha.tumblr.com
demir3428.tumblr.com
boogaloo22.tumblr.com
hisandhersaneroticcollectioniii.tumblr.com
clit-erotica.tumblr.com
deseback.tumblr.com
marrrrriooo.tumblr.com
plmzaq123.tumblr.com
pirateman90.tumblr.com
itsjmad.tumblr.com
serhanunal.tumblr.com
ringotherighteous.tumblr.com
carphib.tumblr.com
fantoccio.tumblr.com
androgynoustriumphwombat.tumblr.com
massivelydistinguishedsweets.tumblr.com
bigboi123456789d.tumblr.com
deletedones.tumblr.com
51clevo.tumblr.com
my-camera-obscura.tumblr.com
beniboss19031997.tumblr.com
hatchet84.tumblr.com
tightteensagain.tumblr.com
shintakouki.tumblr.com
ta-aj.tumblr.com
deestroyertire.tumblr.com
robertosp40.tumblr.com
tyler127890.tumblr.com
adambaigkms.tumblr.com
sirradiohead.tumblr.com
omg-sly-me.tumblr.com
hunter22572.tumblr.com
sum4methings.tumblr.com
lez26.tumblr.com
thecoltex.tumblr.com
mredgod.tumblr.com
chiefy97.tumblr.com
elchicamototo.tumblr.com
gigi4u2.tumblr.com
let-get-buzzy.tumblr.com
matheuszs.tumblr.com
shadowcandy01.tumblr.com
ninogh.tumblr.com
enog88.tumblr.com
mdf325.tumblr.com
sqc86.tumblr.com
killerclowns12.tumblr.com
unclep.tumblr.com
magic-apples.tumblr.com
zhora.tumblr.com
erotic-relapse.tumblr.com
asakuramai.tumblr.com
jimij29.tumblr.com
tighter.tumblr.com
hotharddirtyanddeep.tumblr.com
wetebonyfantasies.tumblr.com
rbbestbutts.tumblr.com
browni.tumblr.com
68stang.tumblr.com
4hotlongsocks.tumblr.com
ajax.googleapis.com
embed.tumblr.com
platform.tumblr.com
coolfuliba.tumblr.com
bone-daddy.tumblr.com
joon1982.tumblr.com
kanoaloha.tumblr.com
demir3428.tumblr.com
boogaloo22.tumblr.com
hisandhersaneroticcollectioniii.tumblr.com
clit-erotica.tumblr.com
deseback.tumblr.com
marrrrriooo.tumblr.com
plmzaq123.tumblr.com
pirateman90.tumblr.com
itsjmad.tumblr.com
serhanunal.tumblr.com
ringotherighteous.tumblr.com
carphib.tumblr.com
fantoccio.tumblr.com
androgynoustriumphwombat.tumblr.com
massivelydistinguishedsweets.tumblr.com
bigboi123456789d.tumblr.com
deletedones.tumblr.com
51clevo.tumblr.com
my-camera-obscura.tumblr.com
beniboss19031997.tumblr.com
hatchet84.tumblr.com
tightteensagain.tumblr.com
shintakouki.tumblr.com
ta-aj.tumblr.com
deestroyertire.tumblr.com
robertosp40.tumblr.com
tyler127890.tumblr.com
adambaigkms.tumblr.com
sirradiohead.tumblr.com
omg-sly-me.tumblr.com
hunter22572.tumblr.com
sum4methings.tumblr.com
lez26.tumblr.com
thecoltex.tumblr.com
mredgod.tumblr.com
chiefy97.tumblr.com
elchicamototo.tumblr.com
gigi4u2.tumblr.com
let-get-buzzy.tumblr.com
matheuszs.tumblr.com
shadowcandy01.tumblr.com
ninogh.tumblr.com
enog88.tumblr.com
mdf325.tumblr.com
sqc86.tumblr.com
killerclowns12.tumblr.com
unclep.tumblr.com
magic-apples.tumblr.com
zhora.tumblr.com
erotic-relapse.tumblr.com
asakuramai.tumblr.com
jimij29.tumblr.com
tighter.tumblr.com
hotharddirtyanddeep.tumblr.com
wetebonyfantasies.tumblr.com
rbbestbutts.tumblr.com
browni.tumblr.com
68stang.tumblr.com
4hotlongsocks.tumblr.com
ajax.googleapis.com
embed.tumblr.com
platform.tumblr.com
coolfuliba.tumblr.com
bone-daddy.tumblr.com
joon1982.tumblr.com
kanoaloha.tumblr.com
demir3428.tumblr.com
boogaloo22.tumblr.com
hisandhersaneroticcollectioniii.tumblr.com
clit-erotica.tumblr.com
deseback.tumblr.com
marrrrriooo.tumblr.com
plmzaq123.tumblr.com
pirateman90.tumblr.com
itsjmad.tumblr.com
serhanunal.tumblr.com
ringotherighteous.tumblr.com
carphib.tumblr.com
fantoccio.tumblr.com
androgynoustriumphwombat.tumblr.com
massivelydistinguishedsweets.tumblr.com
bigboi123456789d.tumblr.com
deletedones.tumblr.com
51clevo.tumblr.com
my-camera-obscura.tumblr.com
beniboss19031997.tumblr.com
hatchet84.tumblr.com
tightteensagain.tumblr.com
shintakouki.tumblr.com
ta-aj.tumblr.com
deestroyertire.tumblr.com
robertosp40.tumblr.com
tyler127890.tumblr.com
adambaigkms.tumblr.com
sirradiohead.tumblr.com
omg-sly-me.tumblr.com
hunter22572.tumblr.com
sum4methings.tumblr.com
lez26.tumblr.com
thecoltex.tumblr.com
mredgod.tumblr.com
chiefy97.tumblr.com
elchicamototo.tumblr.com
gigi4u2.tumblr.com
let-get-buzzy.tumblr.com
matheuszs.tumblr.com
shadowcandy01.tumblr.com
ninogh.tumblr.com
enog88.tumblr.com
mdf325.tumblr.com
sqc86.tumblr.com
killerclowns12.tumblr.com
unclep.tumblr.com
magic-apples.tumblr.com
zhora.tumblr.com
erotic-relapse.tumblr.com
asakuramai.tumblr.com
jimij29.tumblr.com
tighter.tumblr.com
hotharddirtyanddeep.tumblr.com
wetebonyfantasies.tumblr.com
rbbestbutts.tumblr.com
browni.tumblr.com
68stang.tumblr.com
4hotlongsocks.tumblr.com
ajax.googleapis.com
embed.tumblr.com
platform.tumblr.com
coolfuliba.tumblr.com
bone-daddy.tumblr.com
joon1982.tumblr.com
kanoaloha.tumblr.com
demir3428.tumblr.com
boogaloo22.tumblr.com
hisandhersaneroticcollectioniii.tumblr.com
clit-erotica.tumblr.com
deseback.tumblr.com
marrrrriooo.tumblr.com
plmzaq123.tumblr.com
pirateman90.tumblr.com
itsjmad.tumblr.com
serhanunal.tumblr.com
ringotherighteous.tumblr.com
carphib.tumblr.com
fantoccio.tumblr.com
androgynoustriumphwombat.tumblr.com
massivelydistinguishedsweets.tumblr.com
bigboi123456789d.tumblr.com
deletedones.tumblr.com
51clevo.tumblr.com
my-camera-obscura.tumblr.com
beniboss19031997.tumblr.com
hatchet84.tumblr.com
tightteensagain.tumblr.com
shintakouki.tumblr.com
ta-aj.tumblr.com
deestroyertire.tumblr.com
robertosp40.tumblr.com
tyler127890.tumblr.com
adambaigkms.tumblr.com
sirradiohead.tumblr.com
omg-sly-me.tumblr.com
hunter22572.tumblr.com
sum4methings.tumblr.com
lez26.tumblr.com
thecoltex.tumblr.com
mredgod.tumblr.com
chiefy97.tumblr.com
elchicamototo.tumblr.com
gigi4u2.tumblr.com
let-get-buzzy.tumblr.com
matheuszs.tumblr.com
shadowcandy01.tumblr.com
ninogh.tumblr.com
enog88.tumblr.com
mdf325.tumblr.com
sqc86.tumblr.com
killerclowns12.tumblr.com
unclep.tumblr.com
magic-apples.tumblr.com
zhora.tumblr.com
erotic-relapse.tumblr.com
asakuramai.tumblr.com
jimij29.tumblr.com
tighter.tumblr.com
hotharddirtyanddeep.tumblr.com
wetebonyfantasies.tumblr.com
rbbestbutts.tumblr.com
browni.tumblr.com
68stang.tumblr.com
4hotlongsocks.tumblr.com
ajax.googleapis.com
embed.tumblr.com
platform.tumblr.com
coolfuliba.tumblr.com
bone-daddy.tumblr.com
joon1982.tumblr.com
kanoaloha.tumblr.com
demir3428.tumblr.com
boogaloo22.tumblr.com
hisandhersaneroticcollectioniii.tumblr.com
clit-erotica.tumblr.com
deseback.tumblr.com
marrrrriooo.tumblr.com
plmzaq123.tumblr.com
pirateman90.tumblr.com
itsjmad.tumblr.com
serhanunal.tumblr.com
ringotherighteous.tumblr.com
carphib.tumblr.com
fantoccio.tumblr.com
androgynoustriumphwombat.tumblr.com
massivelydistinguishedsweets.tumblr.com
bigboi123456789d.tumblr.com
deletedones.tumblr.com
51clevo.tumblr.com
my-camera-obscura.tumblr.com
beniboss19031997.tumblr.com
hatchet84.tumblr.com
tightteensagain.tumblr.com
shintakouki.tumblr.com
ta-aj.tumblr.com
deestroyertire.tumblr.com
robertosp40.tumblr.com
tyler127890.tumblr.com
adambaigkms.tumblr.com
sirradiohead.tumblr.com
omg-sly-me.tumblr.com
hunter22572.tumblr.com
sum4methings.tumblr.com
lez26.tumblr.com
thecoltex.tumblr.com
mredgod.tumblr.com
chiefy97.tumblr.com
elchicamototo.tumblr.com
gigi4u2.tumblr.com
let-get-buzzy.tumblr.com
matheuszs.tumblr.com
shadowcandy01.tumblr.com
ninogh.tumblr.com
enog88.tumblr.com
mdf325.tumblr.com
sqc86.tumblr.com
killerclowns12.tumblr.com
unclep.tumblr.com
magic-apples.tumblr.com
zhora.tumblr.com
erotic-relapse.tumblr.com
asakuramai.tumblr.com
jimij29.tumblr.com
tighter.tumblr.com
hotharddirtyanddeep.tumblr.com
wetebonyfantasies.tumblr.com
rbbestbutts.tumblr.com
browni.tumblr.com
68stang.tumblr.com
4hotlongsocks.tumblr.com
ajax.googleapis.com
embed.tumblr.com
platform.tumblr.com
coolfuliba.tumblr.com
bone-daddy.tumblr.com
joon1982.tumblr.com
kanoaloha.tumblr.com
demir3428.tumblr.com
boogaloo22.tumblr.com
hisandhersaneroticcollectioniii.tumblr.com
clit-erotica.tumblr.com
deseback.tumblr.com
marrrrriooo.tumblr.com
plmzaq123.tumblr.com
pirateman90.tumblr.com
itsjmad.tumblr.com
serhanunal.tumblr.com
ringotherighteous.tumblr.com
carphib.tumblr.com
fantoccio.tumblr.com
androgynoustriumphwombat.tumblr.com
massivelydistinguishedsweets.tumblr.com
bigboi123456789d.tumblr.com
deletedones.tumblr.com
51clevo.tumblr.com
my-camera-obscura.tumblr.com
beniboss19031997.tumblr.com
hatchet84.tumblr.com
tightteensagain.tumblr.com
shintakouki.tumblr.com
ta-aj.tumblr.com
deestroyertire.tumblr.com
robertosp40.tumblr.com
tyler127890.tumblr.com
adambaigkms.tumblr.com
sirradiohead.tumblr.com
omg-sly-me.tumblr.com
hunter22572.tumblr.com
sum4methings.tumblr.com
lez26.tumblr.com
thecoltex.tumblr.com
mredgod.tumblr.com
chiefy97.tumblr.com
elchicamototo.tumblr.com
gigi4u2.tumblr.com
let-get-buzzy.tumblr.com
matheuszs.tumblr.com
shadowcandy01.tumblr.com
ninogh.tumblr.com
enog88.tumblr.com
mdf325.tumblr.com
sqc86.tumblr.com
killerclowns12.tumblr.com
unclep.tumblr.com
magic-apples.tumblr.com
zhora.tumblr.com
erotic-relapse.tumblr.com
asakuramai.tumblr.com
jimij29.tumblr.com
tighter.tumblr.com
hotharddirtyanddeep.tumblr.com
wetebonyfantasies.tumblr.com
rbbestbutts.tumblr.com
browni.tumblr.com
68stang.tumblr.com
4hotlongsocks.tumblr.com
ajax.googleapis.com
embed.tumblr.com
platform.tumblr.com
coolfuliba.tumblr.com
bone-daddy.tumblr.com
joon1982.tumblr.com
kanoaloha.tumblr.com
demir3428.tumblr.com
boogaloo22.tumblr.com
hisandhersaneroticcollectioniii.tumblr.com
clit-erotica.tumblr.com
deseback.tumblr.com
marrrrriooo.tumblr.com
plmzaq123.tumblr.com
pirateman90.tumblr.com
itsjmad.tumblr.com
serhanunal.tumblr.com
ringotherighteous.tumblr.com
carphib.tumblr.com
fantoccio.tumblr.com
androgynoustriumphwombat.tumblr.com
massivelydistinguishedsweets.tumblr.com
bigboi123456789d.tumblr.com
deletedones.tumblr.com
51clevo.tumblr.com
my-camera-obscura.tumblr.com
beniboss19031997.tumblr.com
hatchet84.tumblr.com
tightteensagain.tumblr.com
shintakouki.tumblr.com
ta-aj.tumblr.com
deestroyertire.tumblr.com
robertosp40.tumblr.com
tyler127890.tumblr.com
adambaigkms.tumblr.com
sirradiohead.tumblr.com
omg-sly-me.tumblr.com
hunter22572.tumblr.com
sum4methings.tumblr.com
lez26.tumblr.com
thecoltex.tumblr.com
mredgod.tumblr.com
chiefy97.tumblr.com
elchicamototo.tumblr.com
gigi4u2.tumblr.com
let-get-buzzy.tumblr.com
matheuszs.tumblr.com
shadowcandy01.tumblr.com
ninogh.tumblr.com
enog88.tumblr.com
mdf325.tumblr.com
sqc86.tumblr.com
killerclowns12.tumblr.com
unclep.tumblr.com
magic-apples.tumblr.com
zhora.tumblr.com
erotic-relapse.tumblr.com
asakuramai.tumblr.com
jimij29.tumblr.com
tighter.tumblr.com
hotharddirtyanddeep.tumblr.com
wetebonyfantasies.tumblr.com
rbbestbutts.tumblr.com
browni.tumblr.com
68stang.tumblr.com
4hotlongsocks.tumblr.com
ajax.googleapis.com
embed.tumblr.com
platform.tumblr.com
coolfuliba.tumblr.com
bone-daddy.tumblr.com
joon1982.tumblr.com
kanoaloha.tumblr.com
demir3428.tumblr.com
boogaloo22.tumblr.com
hisandhersaneroticcollectioniii.tumblr.com
clit-erotica.tumblr.com
deseback.tumblr.com
marrrrriooo.tumblr.com
plmzaq123.tumblr.com
pirateman90.tumblr.com
itsjmad.tumblr.com
serhanunal.tumblr.com
ringotherighteous.tumblr.com
carphib.tumblr.com
fantoccio.tumblr.com
androgynoustriumphwombat.tumblr.com
massivelydistinguishedsweets.tumblr.com
bigboi123456789d.tumblr.com
deletedones.tumblr.com
51clevo.tumblr.com
my-camera-obscura.tumblr.com
beniboss19031997.tumblr.com
hatchet84.tumblr.com
tightteensagain.tumblr.com
shintakouki.tumblr.com
ta-aj.tumblr.com
deestroyertire.tumblr.com
robertosp40.tumblr.com
tyler127890.tumblr.com
adambaigkms.tumblr.com
sirradiohead.tumblr.com
omg-sly-me.tumblr.com
hunter22572.tumblr.com
sum4methings.tumblr.com
lez26.tumblr.com
thecoltex.tumblr.com
mredgod.tumblr.com
chiefy97.tumblr.com
elchicamototo.tumblr.com
gigi4u2.tumblr.com
let-get-buzzy.tumblr.com
matheuszs.tumblr.com
shadowcandy01.tumblr.com
ninogh.tumblr.com
enog88.tumblr.com
mdf325.tumblr.com
sqc86.tumblr.com
killerclowns12.tumblr.com
unclep.tumblr.com
magic-apples.tumblr.com
zhora.tumblr.com
erotic-relapse.tumblr.com
asakuramai.tumblr.com
jimij29.tumblr.com
tighter.tumblr.com
hotharddirtyanddeep.tumblr.com
wetebonyfantasies.tumblr.com
rbbestbutts.tumblr.com
browni.tumblr.com
68stang.tumblr.com
4hotlongsocks.tumblr.com
ajax.googleapis.com
embed.tumblr.com
platform.tumblr.com
coolfuliba.tumblr.com
bone-daddy.tumblr.com
joon1982.tumblr.com
kanoaloha.tumblr.com
demir3428.tumblr.com
boogaloo22.tumblr.com
hisandhersaneroticcollectioniii.tumblr.com
clit-erotica.tumblr.com
deseback.tumblr.com
marrrrriooo.tumblr.com
plmzaq123.tumblr.com
pirateman90.tumblr.com
itsjmad.tumblr.com
serhanunal.tumblr.com
ringotherighteous.tumblr.com
carphib.tumblr.com
fantoccio.tumblr.com
androgynoustriumphwombat.tumblr.com
massivelydistinguishedsweets.tumblr.com
bigboi123456789d.tumblr.com
deletedones.tumblr.com
51clevo.tumblr.com
my-camera-obscura.tumblr.com
beniboss19031997.tumblr.com
hatchet84.tumblr.com
tightteensagain.tumblr.com
shintakouki.tumblr.com
ta-aj.tumblr.com
deestroyertire.tumblr.com
robertosp40.tumblr.com
tyler127890.tumblr.com
adambaigkms.tumblr.com
sirradiohead.tumblr.com
omg-sly-me.tumblr.com
hunter22572.tumblr.com
sum4methings.tumblr.com
lez26.tumblr.com
thecoltex.tumblr.com
mredgod.tumblr.com
chiefy97.tumblr.com
elchicamototo.tumblr.com
gigi4u2.tumblr.com
let-get-buzzy.tumblr.com
matheuszs.tumblr.com
shadowcandy01.tumblr.com
ninogh.tumblr.com
enog88.tumblr.com
mdf325.tumblr.com
sqc86.tumblr.com
killerclowns12.tumblr.com
unclep.tumblr.com
magic-apples.tumblr.com
zhora.tumblr.com
erotic-relapse.tumblr.com
asakuramai.tumblr.com
jimij29.tumblr.com
tighter.tumblr.com
hotharddirtyanddeep.tumblr.com
wetebonyfantasies.tumblr.com
rbbestbutts.tumblr.com
browni.tumblr.com
68stang.tumblr.com
4hotlongsocks.tumblr.com
ajax.googleapis.com
embed.tumblr.com
platform.tumblr.com
coolfuliba.tumblr.com
bone-daddy.tumblr.com
joon1982.tumblr.com
kanoaloha.tumblr.com
demir3428.tumblr.com
boogaloo22.tumblr.com
hisandhersaneroticcollectioniii.tumblr.com
clit-erotica.tumblr.com
deseback.tumblr.com
marrrrriooo.tumblr.com
plmzaq123.tumblr.com
pirateman90.tumblr.com
itsjmad.tumblr.com
serhanunal.tumblr.com
ringotherighteous.tumblr.com
carphib.tumblr.com
fantoccio.tumblr.com
androgynoustriumphwombat.tumblr.com
massivelydistinguishedsweets.tumblr.com
bigboi123456789d.tumblr.com
deletedones.tumblr.com
51clevo.tumblr.com
my-camera-obscura.tumblr.com
beniboss19031997.tumblr.com
hatchet84.tumblr.com
tightteensagain.tumblr.com
shintakouki.tumblr.com
ta-aj.tumblr.com
deestroyertire.tumblr.com
robertosp40.tumblr.com
tyler127890.tumblr.com
adambaigkms.tumblr.com
sirradiohead.tumblr.com
omg-sly-me.tumblr.com
hunter22572.tumblr.com
sum4methings.tumblr.com
lez26.tumblr.com
thecoltex.tumblr.com
mredgod.tumblr.com
chiefy97.tumblr.com
elchicamototo.tumblr.com
gigi4u2.tumblr.com
let-get-buzzy.tumblr.com
matheuszs.tumblr.com
shadowcandy01.tumblr.com
ninogh.tumblr.com
enog88.tumblr.com
mdf325.tumblr.com
sqc86.tumblr.com
killerclowns12.tumblr.com
unclep.tumblr.com
magic-apples.tumblr.com
zhora.tumblr.com
erotic-relapse.tumblr.com
asakuramai.tumblr.com
jimij29.tumblr.com
tighter.tumblr.com
hotharddirtyanddeep.tumblr.com
wetebonyfantasies.tumblr.com
rbbestbutts.tumblr.com
browni.tumblr.com
68stang.tumblr.com
4hotlongsocks.tumblr.com
ajax.googleapis.com
embed.tumblr.com
platform.tumblr.com
coolfuliba.tumblr.com
bone-daddy.tumblr.com
joon1982.tumblr.com
kanoaloha.tumblr.com
demir3428.tumblr.com
boogaloo22.tumblr.com
hisandhersaneroticcollectioniii.tumblr.com
clit-erotica.tumblr.com
deseback.tumblr.com
marrrrriooo.tumblr.com
plmzaq123.tumblr.com
pirateman90.tumblr.com
itsjmad.tumblr.com
serhanunal.tumblr.com
ringotherighteous.tumblr.com
carphib.tumblr.com
fantoccio.tumblr.com
androgynoustriumphwombat.tumblr.com
massivelydistinguishedsweets.tumblr.com
bigboi123456789d.tumblr.com
deletedones.tumblr.com
51clevo.tumblr.com
my-camera-obscura.tumblr.com
beniboss19031997.tumblr.com
hatchet84.tumblr.com
tightteensagain.tumblr.com
shintakouki.tumblr.com
ta-aj.tumblr.com
deestroyertire.tumblr.com
robertosp40.tumblr.com
tyler127890.tumblr.com
adambaigkms.tumblr.com
sirradiohead.tumblr.com
omg-sly-me.tumblr.com
hunter22572.tumblr.com
sum4methings.tumblr.com
lez26.tumblr.com
thecoltex.tumblr.com
mredgod.tumblr.com
chiefy97.tumblr.com
elchicamototo.tumblr.com
gigi4u2.tumblr.com
let-get-buzzy.tumblr.com
matheuszs.tumblr.com
shadowcandy01.tumblr.com
ninogh.tumblr.com
enog88.tumblr.com
mdf325.tumblr.com
sqc86.tumblr.com
killerclowns12.tumblr.com
unclep.tumblr.com
magic-apples.tumblr.com
zhora.tumblr.com
erotic-relapse.tumblr.com
asakuramai.tumblr.com
jimij29.tumblr.com
tighter.tumblr.com
hotharddirtyanddeep.tumblr.com
wetebonyfantasies.tumblr.com
rbbestbutts.tumblr.com
browni.tumblr.com
68stang.tumblr.com
4hotlongsocks.tumblr.com
ajax.googleapis.com
embed.tumblr.com
platform.tumblr.com
coolfuliba.tumblr.com
bone-daddy.tumblr.com
joon1982.tumblr.com
kanoaloha.tumblr.com
demir3428.tumblr.com
boogaloo22.tumblr.com
hisandhersaneroticcollectioniii.tumblr.com
clit-erotica.tumblr.com
deseback.tumblr.com
marrrrriooo.tumblr.com
plmzaq123.tumblr.com
pirateman90.tumblr.com
itsjmad.tumblr.com
serhanunal.tumblr.com
ringotherighteous.tumblr.com
carphib.tumblr.com
fantoccio.tumblr.com
androgynoustriumphwombat.tumblr.com
massivelydistinguishedsweets.tumblr.com
bigboi123456789d.tumblr.com
deletedones.tumblr.com
51clevo.tumblr.com
my-camera-obscura.tumblr.com
beniboss19031997.tumblr.com
hatchet84.tumblr.com
tightteensagain.tumblr.com
shintakouki.tumblr.com
ta-aj.tumblr.com
deestroyertire.tumblr.com
robertosp40.tumblr.com
tyler127890.tumblr.com
adambaigkms.tumblr.com
sirradiohead.tumblr.com
omg-sly-me.tumblr.com
hunter22572.tumblr.com
sum4methings.tumblr.com
lez26.tumblr.com
thecoltex.tumblr.com
mredgod.tumblr.com
chiefy97.tumblr.com
elchicamototo.tumblr.com
gigi4u2.tumblr.com
let-get-buzzy.tumblr.com
matheuszs.tumblr.com
shadowcandy01.tumblr.com
ninogh.tumblr.com
enog88.tumblr.com
mdf325.tumblr.com
sqc86.tumblr.com
killerclowns12.tumblr.com
unclep.tumblr.com
magic-apples.tumblr.com
zhora.tumblr.com
erotic-relapse.tumblr.com
asakuramai.tumblr.com
jimij29.tumblr.com
tighter.tumblr.com
hotharddirtyanddeep.tumblr.com
wetebonyfantasies.tumblr.com
rbbestbutts.tumblr.com
browni.tumblr.com
68stang.tumblr.com
4hotlongsocks.tumblr.com
ajax.googleapis.com
embed.tumblr.com
platform.tumblr.com
coolfuliba.tumblr.com
bone-daddy.tumblr.com
joon1982.tumblr.com
kanoaloha.tumblr.com
demir3428.tumblr.com
boogaloo22.tumblr.com
hisandhersaneroticcollectioniii.tumblr.com
clit-erotica.tumblr.com
deseback.tumblr.com
marrrrriooo.tumblr.com
plmzaq123.tumblr.com
pirateman90.tumblr.com
itsjmad.tumblr.com
serhanunal.tumblr.com
ringotherighteous.tumblr.com
carphib.tumblr.com
fantoccio.tumblr.com
androgynoustriumphwombat.tumblr.com
massivelydistinguishedsweets.tumblr.com
bigboi123456789d.tumblr.com
deletedones.tumblr.com
51clevo.tumblr.com
my-camera-obscura.tumblr.com
beniboss19031997.tumblr.com
hatchet84.tumblr.com
tightteensagain.tumblr.com
shintakouki.tumblr.com
ta-aj.tumblr.com
deestroyertire.tumblr.com
robertosp40.tumblr.com
tyler127890.tumblr.com
adambaigkms.tumblr.com
sirradiohead.tumblr.com
omg-sly-me.tumblr.com
hunter22572.tumblr.com
sum4methings.tumblr.com
lez26.tumblr.com
thecoltex.tumblr.com
mredgod.tumblr.com
chiefy97.tumblr.com
elchicamototo.tumblr.com
gigi4u2.tumblr.com
let-get-buzzy.tumblr.com
matheuszs.tumblr.com
shadowcandy01.tumblr.com
ninogh.tumblr.com
enog88.tumblr.com
mdf325.tumblr.com
sqc86.tumblr.com
killerclowns12.tumblr.com
unclep.tumblr.com
magic-apples.tumblr.com
zhora.tumblr.com
erotic-relapse.tumblr.com
asakuramai.tumblr.com
jimij29.tumblr.com
tighter.tumblr.com
hotharddirtyanddeep.tumblr.com
wetebonyfantasies.tumblr.com
rbbestbutts.tumblr.com
browni.tumblr.com
68stang.tumblr.com
4hotlongsocks.tumblr.com
ajax.googleapis.com
embed.tumblr.com
platform.tumblr.com
coolfuliba.tumblr.com
bone-daddy.tumblr.com
joon1982.tumblr.com
kanoaloha.tumblr.com
demir3428.tumblr.com
boogaloo22.tumblr.com
hisandhersaneroticcollectioniii.tumblr.com
clit-erotica.tumblr.com
deseback.tumblr.com
marrrrriooo.tumblr.com
plmzaq123.tumblr.com
pirateman90.tumblr.com
itsjmad.tumblr.com
serhanunal.tumblr.com
ringotherighteous.tumblr.com
carphib.tumblr.com
fantoccio.tumblr.com
androgynoustriumphwombat.tumblr.com
massivelydistinguishedsweets.tumblr.com
bigboi123456789d.tumblr.com
deletedones.tumblr.com
51clevo.tumblr.com
my-camera-obscura.tumblr.com
beniboss19031997.tumblr.com
hatchet84.tumblr.com
tightteensagain.tumblr.com
shintakouki.tumblr.com
ta-aj.tumblr.com
deestroyertire.tumblr.com
robertosp40.tumblr.com
tyler127890.tumblr.com
adambaigkms.tumblr.com
sirradiohead.tumblr.com
omg-sly-me.tumblr.com
hunter22572.tumblr.com
sum4methings.tumblr.com
lez26.tumblr.com
thecoltex.tumblr.com
mredgod.tumblr.com
chiefy97.tumblr.com
elchicamototo.tumblr.com
gigi4u2.tumblr.com
let-get-buzzy.tumblr.com
matheuszs.tumblr.com
shadowcandy01.tumblr.com
ninogh.tumblr.com
enog88.tumblr.com
mdf325.tumblr.com
sqc86.tumblr.com
killerclowns12.tumblr.com
unclep.tumblr.com
magic-apples.tumblr.com
zhora.tumblr.com
erotic-relapse.tumblr.com
asakuramai.tumblr.com
jimij29.tumblr.com
tighter.tumblr.com
hotharddirtyanddeep.tumblr.com
wetebonyfantasies.tumblr.com
rbbestbutts.tumblr.com
browni.tumblr.com
68stang.tumblr.com
4hotlongsocks.tumblr.com
ajax.googleapis.com
embed.tumblr.com
platform.tumblr.com
coolfuliba.tumblr.com
bone-daddy.tumblr.com
trollinswager.tumblr.com
mklmeier.tumblr.com
cooko1234.tumblr.com
olivia2sweet.tumblr.com
thepimp13.tumblr.com
danb275.tumblr.com
happyskier.tumblr.com
cockofmiami.tumblr.com
swjnk.tumblr.com
iamjyy.tumblr.com
bidyutmpadatik.tumblr.com
allthingsmesfw.tumblr.com
cooliobeans16.tumblr.com
shadowypuppydinosaur.tumblr.com
section7boobs.tumblr.com
joon1982.tumblr.com
kanoaloha.tumblr.com
demir3428.tumblr.com
boogaloo22.tumblr.com
hisandhersaneroticcollectioniii.tumblr.com
clit-erotica.tumblr.com
deseback.tumblr.com
marrrrriooo.tumblr.com
plmzaq123.tumblr.com
pirateman90.tumblr.com
itsjmad.tumblr.com
serhanunal.tumblr.com
ringotherighteous.tumblr.com
carphib.tumblr.com
fantoccio.tumblr.com
androgynoustriumphwombat.tumblr.com
massivelydistinguishedsweets.tumblr.com
bigboi123456789d.tumblr.com
deletedones.tumblr.com
51clevo.tumblr.com
my-camera-obscura.tumblr.com
beniboss19031997.tumblr.com
hatchet84.tumblr.com
tightteensagain.tumblr.com
shintakouki.tumblr.com
ta-aj.tumblr.com
deestroyertire.tumblr.com
robertosp40.tumblr.com
tyler127890.tumblr.com
adambaigkms.tumblr.com
sirradiohead.tumblr.com
omg-sly-me.tumblr.com
hunter22572.tumblr.com
thecoltex.tumblr.com
mredgod.tumblr.com
chiefy97.tumblr.com
unclep.tumblr.com
magic-apples.tumblr.com
zhora.tumblr.com
erotic-relapse.tumblr.com
asakuramai.tumblr.com
jimij29.tumblr.com
tighter.tumblr.com
hotharddirtyanddeep.tumblr.com
wetebonyfantasies.tumblr.com
rbbestbutts.tumblr.com
browni.tumblr.com
68stang.tumblr.com
4hotlongsocks.tumblr.com
ajax.googleapis.com
embed.tumblr.com
platform.tumblr.com
ejderyalarvar.tumblr.com
ejderyalarvar.tumblr.com
ejderyalarvar.tumblr.com
www.google.com
ejderyalarvar.tumblr.com
ejderyalarvar.tumblr.com
ejderyalarvar.tumblr.com
ejderyalarvar.tumblr.com
ejderyalarvar.tumblr.com
ejderyalarvar.tumblr.com
ejderyalarvar.tumblr.com
ajax.googleapis.com
embed.tumblr.com
platform.tumblr.com
ejderyalarvar.tumblr.com
coolfuliba.tumblr.com
coolfuliba.tumblr.com
coolfuliba.tumblr.com
www.google.com
coolfuliba.tumblr.com
coolfuliba.tumblr.com
coolfuliba.tumblr.com
coolfuliba.tumblr.com
coolfuliba.tumblr.com
coolfuliba.tumblr.com
coolfuliba.tumblr.com
www.google.com
www.google.com
www.google.com
ssl.gstatic.com
mail.google.com
accounts.google.com
support.google.com
myaccount.google.com
www.youtube.com
play.google.com
news.google.com.hk
drive.google.com
www.google.com
plus.google.com
translate.google.com.hk
photos.google.com
docs.google.com
hangouts.google.com
keep.google.com
www.gstatic.com
apis.google.com
jmt17.google.com
www-onepick-opensocial.googleusercontent.com
encrypted.google.com
